AFTERNOON AT THE RACE TRACK - Description of the internal state of the problem

MAN/BRK SPECTATOR/BETTER HORSE/JOCKEY PAIR at Race 0
 Stat St0 Am0  St1 Am1  St2 Am2  St3 Am3 RN St0 Len0  St1 Len1  St2 Len2  St3 Len3 
			Race 0 Status
 RN Dist BS0 BA0  BS1 BA1  BS2 BA2  BS3 BA3  Od0 N0 Ps0 SD0  Od1 N1 Ps1 SD1  Od2 N2 Ps2 SD2  Od3 N3 Ps3 SD3 
   OTV WFRT 500.0 WFRT 500.0 WFRT 500.0 WFRT 500.0 0 null  0 null  0 null  0 null  0
 0 25 0 0.0 0 0.0 0 0.0 0 0.0 0.0  0  0 false 0.0  0  0 false 0.0  0  0 false 0.0  0  0 false
   OTV WFRT 500.0 WFRT 500.0 WFRT 500.0 WFRT 500.0 0 ATS  0 null  0 null  0 null  0
 0 25 0 0.0 0 0.0 0 0.0 0 0.0 0.0  0  0 false 0.0  0  0 false 0.0  0  0 false 0.0  0  0 false
   OTV WFRT 500.0 WFRT 500.0 WFRT 500.0 WFRT 500.0 0 ATS  2 null  0 ATS  0 null  0
 0 25 0 0.0 0 0.0 0 0.0 0 0.0 0.0  0  0 false 0.0  0  0 false 0.0  0  0 false 0.0  0  0 false
   OTV WFRT 500.0 WFRT 500.0 WFRT 500.0 WFRT 500.0 0 ATS  2 ATS  0 ATS  5 null  0
 0 25 0 0.0 0 0.0 0 0.0 0 0.0 0.0  0  0 false 0.0  0  0 false 0.0  0  0 false 0.0  0  0 false
   OTV WFRT 500.0 WFRT 500.0 WFRT 500.0 WFRT 500.0 0 ATS  2 ATS  2 ATS  5 ATS  0
 0 25 0 0.0 0 0.0 0 0.0 0 0.0 0.0  0  0 false 0.0  0  0 false 0.0  0  0 false 0.0  0  0 false
   OTV WFRT 500.0 WFRT 500.0 WFRT 500.0 WFRT 500.0 0 ATS  2 ATS  2 ATS  5 ATS  1
 0 25 0 0.0 0 0.0 0 0.0 0 0.0 0.0  0  0 false 0.0  0  0 false 0.0  0  0 false 0.0  0  0 false
   OTV WFRT 500.0 WFRT 500.0 WFRT 500.0 WFRT 500.0 0 ATS  2 ATS  2 ATS  5 ATS  1
 0 25 0 0.0 0 0.0 0 0.0 0 0.0 0.0  0  0 false 0.0  0  0 false 0.0  0  0 false 0.0  0  0 false
   OTV WFRT 500.0 WFRT 500.0 WFRT 500.0 WFRT 500.0 0 ATS  2 ATS  2 ATS  5 ATS  1
 0 25 0 0.0 0 0.0 0 0.0 0 0.0 0.0  0  0 false 0.0  0  0 false 0.0  0  0 false 0.0  0  0 false
   OTV WFRT 500.0 WFRT 500.0 WFRT 500.0 WFRT 500.0 0 ATS  2 ATS  2 ATS  5 ATS  2
 0 25 0 0.0 0 0.0 0 0.0 0 0.0 0.0  0  0 false 0.0  0  0 false 0.0  0  0 false 0.0  0  0 false
   OTV WFRT 500.0 WFRT 500.0 WFRT 500.0 WFRT 500.0 0 ATS  5 ATS  2 ATS  5 ATS  2
 0 25 0 0.0 0 0.0 0 0.0 0 0.0 0.0  0  0 false 0.0  0  0 false 0.0  0  0 false 0.0  0  0 false
   OTV WFRT 500.0 WFRT 500.0 WFRT 500.0 WFRT 500.0 0 ATS  5 ATS  1 ATS  5 ATS  2
 0 25 0 0.0 0 0.0 0 0.0 0 0.0 0.0  0  0 false 0.0  0  0 false 0.0  0  0 false 0.0  0  0 false
   OTV WFRT 500.0 WFRT 500.0 WFRT 500.0 WFRT 500.0 0 ATS  5 ATS  1 ATS  1 ATS  2
 0 25 0 0.0 0 0.0 0 0.0 0 0.0 0.0  0  0 false 0.0  0  0 false 0.0  0  0 false 0.0  0  0 false
   OTV WFRT 500.0 WFRT 500.0 WFRT 500.0 WFRT 500.0 0 ATS  5 ATS  1 ATS  1 ATS  5
 0 25 0 0.0 0 0.0 0 0.0 0 0.0 0.0  0  0 false 0.0  0  0 false 0.0  0  0 false 0.0  0  0 false
   OTV WFRT 500.0 WFRT 500.0 WFRT 500.0 WFRT 500.0 0 ATS  5 ATS  1 ATS  5 ATS  5
 0 25 0 0.0 0 0.0 0 0.0 0 0.0 0.0  0  0 false 0.0  0  0 false 0.0  0  0 false 0.0  0  0 false
   OTV WFRT 500.0 WFRT 500.0 WFRT 500.0 WFRT 500.0 0 ATS  4 ATS  1 ATS  5 ATS  5
 0 25 0 0.0 0 0.0 0 0.0 0 0.0 0.0  0  0 false 0.0  0  0 false 0.0  0  0 false 0.0  0  0 false
   OTV WFRT 500.0 WFRT 500.0 WFRT 500.0 WFRT 500.0 0 ATS  4 ATS  1 ATS  5 ATS  5
 0 25 0 0.0 0 0.0 0 0.0 0 0.0 0.0  0  0 false 0.0  0  0 false 0.0  0  0 false 0.0  0  0 false
   OTV WFRT 500.0 WFRT 500.0 WFRT 500.0 WFRT 500.0 0 ATS  1 ATS  1 ATS  5 ATS  5
 0 25 0 0.0 0 0.0 0 0.0 0 0.0 0.0  0  0 false 0.0  0  0 false 0.0  0  0 false 0.0  0  0 false
   OTV WFRT 500.0 WFRT 500.0 WFRT 500.0 WFRT 500.0 0 ATS  1 ATS  1 ATS  2 ATS  5
 0 25 0 0.0 0 0.0 0 0.0 0 0.0 0.0  0  0 false 0.0  0  0 false 0.0  0  0 false 0.0  0  0 false
   OTV WFRT 500.0 WFRT 500.0 WFRT 500.0 WFRT 500.0 0 ATS  1 ATS  1 ATS  1 ATS  5
 0 25 0 0.0 0 0.0 0 0.0 0 0.0 0.0  0  0 false 0.0  0  0 false 0.0  0  0 false 0.0  0  0 false
   OTV WFRT 500.0 WFRT 500.0 WFRT 500.0 WFRT 500.0 0 ATS  2 ATS  1 ATS  1 ATS  5
 0 25 0 0.0 0 0.0 0 0.0 0 0.0 0.0  0  0 false 0.0  0  0 false 0.0  0  0 false 0.0  0  0 false
   OTV WFRT 500.0 WFRT 500.0 WFRT 500.0 WFRT 500.0 0 ATS  2 ATS  1 ATS  1 ATS  5
 0 25 0 0.0 0 0.0 0 0.0 0 0.0 0.0  0  0 false 0.0  0  0 false 0.0  0  0 false 0.0  0  0 false
   OTV WFRT 500.0 WFRT 500.0 WFRT 500.0 WFRT 500.0 0 ATS  2 ATS  1 ATS  1 ATS  4
 0 25 0 0.0 0 0.0 0 0.0 0 0.0 0.0  0  0 false 0.0  0  0 false 0.0  0  0 false 0.0  0  0 false
   OTV WFRT 500.0 WFRT 500.0 WFRT 500.0 WFRT 500.0 0 ATS  2 ATS  1 ATS  1 ATS  4
 0 25 0 0.0 0 0.0 0 0.0 0 0.0 0.0  0  0 false 0.0  0  0 false 0.0  0  0 false 0.0  0  0 false
   OTV WFRT 500.0 WFRT 500.0 WFRT 500.0 WFRT 500.0 0 ATS  2 ATS  1 ATS  1 ATS  4
 0 25 0 0.0 0 0.0 0 0.0 0 0.0 0.0  0  0 false 0.0  0  0 false 0.0  0  0 false 0.0  0  0 false
   ANR WFRT 500.0 WFRT 500.0 WFRT 500.0 WFRT 500.0 0 ATS  2 ATS  1 ATS  1 ATS  4
 0 25 0 0.0 0 0.0 0 0.0 0 0.0 0.0  0  0 false 0.0  0  0 false 0.0  0  0 false 0.0  0  0 false
   ANR WFRT 500.0 WFRT 500.0 WFRT 500.0 WFRT 500.0 0 ATS  2 ATS  1 ATS  1 ATS  4
 0 25 0 0.0 0 0.0 0 0.0 0 0.0 0.0  0  0 false 0.0  0  0 false 0.0  0  0 false 0.0  0  0 false
   ANR WFRT 500.0 WFRT 500.0 WFRT 500.0 WFRT 500.0 0 ATS  2 ATP  1 ATS  1 ATS  4
 0 25 0 0.0 0 0.0 0 0.0 0 0.0 0.0  0  0 false 0.0  0  0 false 0.0  0  0 false 0.0  0  0 false
   ANR WFRT 500.0 WFRT 500.0 WFRT 500.0 WFRT 500.0 0 ATP  2 ATP  1 ATS  1 ATS  4
 0 25 0 0.0 0 0.0 0 0.0 0 0.0 0.0  0  0 false 0.0  0  0 false 0.0  0  0 false 0.0  0  0 false
   ANR WFRT 500.0 WFRT 500.0 WFRT 500.0 WFRT 500.0 0 ATP  2 ATP  1 ATS  1 ATS  4
 0 25 0 0.0 0 0.0 0 0.0 0 0.0 0.0  0  0 false 0.0  0  0 false 0.0  0  0 false 0.0  0  0 false
   ANR WFRT 500.0 WFRT 500.0 WFRT 500.0 WFRT 500.0 0 ATP  2 ATP  1 ATP  1 ATS  4
 0 25 0 0.0 0 0.0 0 0.0 0 0.0 0.0  0  0 false 0.0  0  0 false 0.0  0  0 false 0.0  0  0 false
   ANR WFRT 500.0 WFRT 500.0 WFRT 500.0 WFRT 500.0 0 ATP  2 ATP  1 ATP  1 ATP  4
 0 25 0 0.0 0 0.0 0 0.0 0 0.0 0.0  0  0 false 0.0  0  0 false 0.0  0  0 false 0.0  0  0 false
   ANR ATH 500.0 WFRT 500.0 WFRT 500.0 WFRT 500.0 0 ATP  2 ATP  1 ATP  1 ATP  4
 0 25 0 0.0 0 0.0 0 0.0 0 0.0 0.0  0  0 false 0.0  0  0 false 0.0  0  0 false 0.0  0  0 false
   ANR ATH 500.0 WFRT 500.0 ATH 500.0 WFRT 500.0 0 ATP  2 ATP  1 ATP  1 ATP  4
 0 25 0 0.0 0 0.0 0 0.0 0 0.0 0.0  0  0 false 0.0  0  0 false 0.0  0  0 false 0.0  0  0 false
   ANR ATH 500.0 WFRT 500.0 ATH 500.0 ATH 500.0 0 ATP  2 ATP  1 ATP  1 ATP  4
 0 25 0 0.0 0 0.0 0 0.0 0 0.0 0.0  0  0 false 0.0  0  0 false 0.0  0  0 false 0.0  0  0 false
   ANR ATH 500.0 ATH 500.0 ATH 500.0 ATH 500.0 0 ATP  2 ATP  1 ATP  1 ATP  4
 0 25 0 0.0 0 0.0 0 0.0 0 0.0 0.0  0  0 false 0.0  0  0 false 0.0  0  0 false 0.0  0  0 false
   WFB ATH 500.0 ATH 500.0 ATH 500.0 ATH 500.0 0 ATP  2 ATP  1 ATP  1 ATP  4
 0 25 0 0.0 0 0.0 0 0.0 0 0.0 0.0  0  0 false 0.0  0  0 false 0.0  0  0 false 0.0  0  0 false
   WFB ATH 500.0 ATH 500.0 ATH 500.0 ATH 500.0 0 ATP  2 ATSL  1 ATP  1 ATP  4
 0 25 0 0.0 0 0.0 0 0.0 0 0.0 0.0  0  0 false 0.0  0  0 false 0.0  0  0 false 0.0  0  0 false
   WFB ATH 500.0 ATH 500.0 ATH 500.0 ATH 500.0 0 ATP  2 ATSL  1 ATP  1 ATP  4
 0 25 0 0.0 0 0.0 0 0.0 0 0.0 0.0  0  0 false 0.0  0  0 false 0.0  0  0 false 0.0  0  0 false
   WFB ATH 500.0 ATH 500.0 ATH 500.0 ATH 500.0 0 ATSL  2 ATSL  1 ATP  1 ATP  4
 0 25 0 0.0 0 0.0 0 0.0 0 0.0 0.0  0  0 false 0.0  0  0 false 0.0  0  0 false 0.0  0  0 false
   WFB ATH 500.0 ATH 500.0 ATH 500.0 ATH 500.0 0 ATSL  2 ATSL  1 ATP  1 ATP  4
 0 25 0 0.0 0 0.0 0 0.0 0 0.0 0.0  0  0 false 0.0  0  0 false 0.0  0  0 false 0.0  0  0 false
   WFB ATH 500.0 ATH 500.0 ATH 500.0 ATH 500.0 0 ATSL  2 ATSL  1 ATSL  1 ATP  4
 0 25 0 0.0 0 0.0 0 0.0 0 0.0 0.0  0  0 false 0.0  0  0 false 0.0  0  0 false 0.0  0  0 false
   WFB ATH 500.0 ATH 500.0 ATH 500.0 ATH 500.0 0 ATSL  2 ATSL  1 ATSL  1 ATP  4
 0 25 0 0.0 0 0.0 0 0.0 0 0.0 0.0  0  0 false 0.0  0  0 false 0.0  0  0 false 0.0  0  0 false
   WFB ATH 500.0 ATH 500.0 ATH 500.0 ATH 500.0 0 ATSL  2 ATSL  1 ATSL  1 ATSL  4
 0 25 0 0.0 0 0.0 0 0.0 0 0.0 0.0  0  0 false 0.0  0  0 false 0.0  0  0 false 0.0  0  0 false
   WFB ATH 500.0 ATH 500.0 ATH 500.0 ATH 500.0 0 ATSL  2 ATSL  1 ATSL  1 ATSL  4
 0 25 0 0.0 0 0.0 0 0.0 0 0.0 0.0  0  0 false 0.0  0  0 false 0.0  0  0 false 0.0  0  0 false
   WFB ATH 500.0 ATH 500.0 PAB 500.0 ATH 500.0 0 ATSL  2 ATSL  1 ATSL  1 ATSL  4
 0 25 0 0.0 0 0.0 0 0.0 0 0.0 0.4  0  0 false 0.2  0  0 false 0.1  0  0 false 0.3  0  0 false
   WFB ATH 500.0 ATH 500.0 PAB 500.0 ATH 500.0 0 ATSL  2 ATSL  1 ATSL  1 ATSL  4
 0 25 0 0.0 0 0.0 3 9.9 0 0.0 0.4  0  0 false 0.2  0  0 false 0.1  0  0 false 0.3  0  0 false
   WFB ATH 500.0 ATH 500.0 PAB 500.0 PAB 500.0 0 ATSL  2 ATSL  1 ATSL  1 ATSL  4
 0 25 0 0.0 0 0.0 3 9.9 0 0.0 0.4  0  0 false 0.2  0  0 false 0.1  0  0 false 0.3  0  0 false
   WFB ATH 500.0 PAB 500.0 PAB 500.0 PAB 500.0 0 ATSL  2 ATSL  1 ATSL  1 ATSL  4
 0 25 0 0.0 0 0.0 3 9.9 0 0.0 0.4  0  0 false 0.2  0  0 false 0.1  0  0 false 0.3  0  0 false
   WFB PAB 500.0 PAB 500.0 PAB 500.0 PAB 500.0 0 ATSL  2 ATSL  1 ATSL  1 ATSL  4
 0 25 0 0.0 0 0.0 3 9.9 0 0.0 0.4  0  0 false 0.2  0  0 false 0.1  0  0 false 0.3  0  0 false
   WFB PAB 500.0 PAB 500.0 WAR 500.0 PAB 500.0 0 ATSL  2 ATSL  1 ATSL  1 ATSL  4
 0 25 0 0.0 0 0.0 3 9.9 0 0.0 0.4  0  0 false 0.2  0  0 false 0.1  0  0 false 0.3  0  0 false
   WFB PAB 500.0 PAB 500.0 WAR 500.0 PAB 500.0 0 ATSL  2 ATSL  1 ATSL  1 ATSL  4
 0 25 0 0.0 0 0.0 3 9.9 1 59.9 0.4  0  0 false 0.2  0  0 false 0.1  0  0 false 0.3  0  0 false
   WFB PAB 500.0 PAB 500.0 WAR 500.0 PAB 500.0 0 ATSL  2 ATSL  1 ATSL  1 ATSL  4
 0 25 0 0.0 3 94.7 3 9.9 1 59.9 0.4  0  0 false 0.2  0  0 false 0.1  0  0 false 0.3  0  0 false
   WFB PAB 500.0 PAB 500.0 WAR 500.0 PAB 500.0 0 ATSL  2 ATSL  1 ATSL  1 ATSL  4
 0 25 0 91.7 3 94.7 3 9.9 1 59.9 0.4  0  0 false 0.2  0  0 false 0.1  0  0 false 0.3  0  0 false
   STR PAB 500.0 PAB 500.0 WAR 500.0 PAB 500.0 0 ATSL  2 ATSL  1 ATSL  1 ATSL  4
 0 25 0 91.7 3 94.7 3 9.9 1 59.9 0.4  0  0 false 0.2  0  0 false 0.1  0  0 false 0.3  0  0 false
   STR PAB 500.0 PAB 500.0 WAR 500.0 WAR 500.0 0 ATSL  2 ATSL  1 ATSL  1 ATSL  4
 0 25 0 91.7 3 94.7 3 9.9 1 59.9 0.4  0  0 false 0.2  0  0 false 0.1  0  0 false 0.3  0  0 false
   STR PAB 500.0 PAB 500.0 WAR 500.0 WAR 500.0 0 ATSL  2 RUN  1 ATSL  1 ATSL  4
 0 25 0 91.7 3 94.7 3 9.9 1 59.9 0.4  0  0 false 0.2  0  0 false 0.1  0  0 false 0.3  0  0 false
   STR PAB 500.0 WAR 500.0 WAR 500.0 WAR 500.0 0 ATSL  2 RUN  1 ATSL  1 ATSL  4
 0 25 0 91.7 3 94.7 3 9.9 1 59.9 0.4  0  0 false 0.2  0  0 false 0.1  0  0 false 0.3  0  0 false
   STR PAB 500.0 WAR 500.0 WAR 500.0 WAR 500.0 0 ATSL  2 RUN  1 ATSL  1 ATSL  4
 0 25 0 91.7 3 94.7 3 9.9 1 59.9 0.4  0  0 false 0.2  1  1 false 0.1  0  0 false 0.3  0  0 false
   STR WAR 500.0 WAR 500.0 WAR 500.0 WAR 500.0 0 ATSL  2 RUN  1 ATSL  1 ATSL  4
 0 25 0 91.7 3 94.7 3 9.9 1 59.9 0.4  0  0 false 0.2  1  1 false 0.1  0  0 false 0.3  0  0 false
   STR WAR 500.0 WAR 500.0 WAR 500.0 WAR 500.0 0 RUN  2 RUN  1 ATSL  1 ATSL  4
 0 25 0 91.7 3 94.7 3 9.9 1 59.9 0.4  0  0 false 0.2  1  1 false 0.1  0  0 false 0.3  0  0 false
   STR WAR 500.0 WAR 500.0 WAR 500.0 WAR 500.0 0 RUN  2 RUN  1 ATSL  1 ATSL  4
 0 25 0 91.7 3 94.7 3 9.9 1 59.9 0.4  1  5 false 0.2  1  1 false 0.1  0  0 false 0.3  0  0 false
   STR WAR 500.0 WAR 500.0 WAR 500.0 WAR 500.0 0 RUN  2 RUN  1 RUN  1 ATSL  4
 0 25 0 91.7 3 94.7 3 9.9 1 59.9 0.4  1  5 false 0.2  1  1 false 0.1  0  0 false 0.3  0  0 false
   STR WAR 500.0 WAR 500.0 WAR 500.0 WAR 500.0 0 RUN  2 RUN  1 RUN  1 ATSL  4
 0 25 0 91.7 3 94.7 3 9.9 1 59.9 0.4  1  5 false 0.2  1  1 false 0.1  1  1 false 0.3  0  0 false
   STR WAR 500.0 WAR 500.0 WAR 500.0 WAR 500.0 0 RUN  2 RUN  1 RUN  1 RUN  4
 0 25 0 91.7 3 94.7 3 9.9 1 59.9 0.4  1  5 false 0.2  1  1 false 0.1  1  1 false 0.3  0  0 false
   STR WAR 500.0 WAR 500.0 WAR 500.0 WAR 500.0 0 RUN  2 RUN  1 RUN  1 RUN  4
 0 25 0 91.7 3 94.7 3 9.9 1 59.9 0.4  1  5 false 0.2  1  1 false 0.1  1  1 false 0.3  1  1 false
   STR WAR 500.0 WAR 500.0 WAR 500.0 WAR 500.0 0 RUN  2 RUN  1 RUN  1 RUN  4
 0 25 0 91.7 3 94.7 3 9.9 1 59.9 0.4  1  5 false 0.2  1  1 false 0.1  1  1 false 0.3  1  1 false
   STR WAR 500.0 WAR 500.0 WAR 500.0 WAR 500.0 0 RUN  2 RUN  1 RUN  1 RUN  4
 0 25 0 91.7 3 94.7 3 9.9 1 59.9 0.4  1  5 false 0.2  2  2 false 0.1  1  1 false 0.3  1  1 false
   STR WAR 500.0 WAR 500.0 WAR 500.0 WAR 500.0 0 RUN  2 RUN  1 RUN  1 RUN  4
 0 25 0 91.7 3 94.7 3 9.9 1 59.9 0.4  1  5 false 0.2  2  2 false 0.1  1  1 false 0.3  1  1 false
   STR WAR 500.0 WAR 500.0 WAR 500.0 WAR 500.0 0 RUN  2 RUN  1 RUN  1 RUN  4
 0 25 0 91.7 3 94.7 3 9.9 1 59.9 0.4  2  7 false 0.2  2  2 false 0.1  1  1 false 0.3  1  1 false
   STR WAR 500.0 WAR 500.0 WAR 500.0 WAR 500.0 0 RUN  2 RUN  1 RUN  1 RUN  4
 0 25 0 91.7 3 94.7 3 9.9 1 59.9 0.4  2  7 false 0.2  2  2 false 0.1  1  1 false 0.3  1  1 false
   STR WAR 500.0 WAR 500.0 WAR 500.0 WAR 500.0 0 RUN  2 RUN  1 RUN  1 RUN  4
 0 25 0 91.7 3 94.7 3 9.9 1 59.9 0.4  2  7 false 0.2  2  2 false 0.1  2  2 false 0.3  1  1 false
   STR WAR 500.0 WAR 500.0 WAR 500.0 WAR 500.0 0 RUN  2 RUN  1 RUN  1 RUN  4
 0 25 0 91.7 3 94.7 3 9.9 1 59.9 0.4  2  7 false 0.2  2  2 false 0.1  2  2 false 0.3  1  1 false
   STR WAR 500.0 WAR 500.0 WAR 500.0 WAR 500.0 0 RUN  2 RUN  1 RUN  1 RUN  4
 0 25 0 91.7 3 94.7 3 9.9 1 59.9 0.4  2  7 false 0.2  2  2 false 0.1  2  2 false 0.3  2  5 false
   STR WAR 500.0 WAR 500.0 WAR 500.0 WAR 500.0 0 RUN  2 RUN  1 RUN  1 RUN  4
 0 25 0 91.7 3 94.7 3 9.9 1 59.9 0.4  2  7 false 0.2  2  2 false 0.1  2  2 false 0.3  2  5 false
   STR WAR 500.0 WAR 500.0 WAR 500.0 WAR 500.0 0 RUN  2 RUN  1 RUN  1 RUN  4
 0 25 0 91.7 3 94.7 3 9.9 1 59.9 0.4  2  7 false 0.2  3  4 false 0.1  2  2 false 0.3  2  5 false
   STR WAR 500.0 WAR 500.0 WAR 500.0 WAR 500.0 0 RUN  2 RUN  1 RUN  1 RUN  4
 0 25 0 91.7 3 94.7 3 9.9 1 59.9 0.4  2  7 false 0.2  3  4 false 0.1  2  2 false 0.3  2  5 false
   STR WAR 500.0 WAR 500.0 WAR 500.0 WAR 500.0 0 RUN  2 RUN  1 RUN  1 RUN  4
 0 25 0 91.7 3 94.7 3 9.9 1 59.9 0.4  3 12 false 0.2  3  4 false 0.1  2  2 false 0.3  2  5 false
   STR WAR 500.0 WAR 500.0 WAR 500.0 WAR 500.0 0 RUN  2 RUN  1 RUN  1 RUN  4
 0 25 0 91.7 3 94.7 3 9.9 1 59.9 0.4  3 12 false 0.2  3  4 false 0.1  2  2 false 0.3  2  5 false
   STR WAR 500.0 WAR 500.0 WAR 500.0 WAR 500.0 0 RUN  2 RUN  1 RUN  1 RUN  4
 0 25 0 91.7 3 94.7 3 9.9 1 59.9 0.4  3 12 false 0.2  3  4 false 0.1  3  3 false 0.3  2  5 false
   STR WAR 500.0 WAR 500.0 WAR 500.0 WAR 500.0 0 RUN  2 RUN  1 RUN  1 RUN  4
 0 25 0 91.7 3 94.7 3 9.9 1 59.9 0.4  3 12 false 0.2  3  4 false 0.1  3  3 false 0.3  2  5 false
   STR WAR 500.0 WAR 500.0 WAR 500.0 WAR 500.0 0 RUN  2 RUN  1 RUN  1 RUN  4
 0 25 0 91.7 3 94.7 3 9.9 1 59.9 0.4  3 12 false 0.2  3  4 false 0.1  3  3 false 0.3  3  7 false
   STR WAR 500.0 WAR 500.0 WAR 500.0 WAR 500.0 0 RUN  2 RUN  1 RUN  1 RUN  4
 0 25 0 91.7 3 94.7 3 9.9 1 59.9 0.4  3 12 false 0.2  3  4 false 0.1  3  3 false 0.3  3  7 false
   STR WAR 500.0 WAR 500.0 WAR 500.0 WAR 500.0 0 RUN  2 RUN  1 RUN  1 RUN  4
 0 25 0 91.7 3 94.7 3 9.9 1 59.9 0.4  3 12 false 0.2  4  6 false 0.1  3  3 false 0.3  3  7 false
   STR WAR 500.0 WAR 500.0 WAR 500.0 WAR 500.0 0 RUN  2 RUN  1 RUN  1 RUN  4
 0 25 0 91.7 3 94.7 3 9.9 1 59.9 0.4  3 12 false 0.2  4  6 false 0.1  3  3 false 0.3  3  7 false
   STR WAR 500.0 WAR 500.0 WAR 500.0 WAR 500.0 0 RUN  2 RUN  1 RUN  1 RUN  4
 0 25 0 91.7 3 94.7 3 9.9 1 59.9 0.4  4 14 false 0.2  4  6 false 0.1  3  3 false 0.3  3  7 false
   STR WAR 500.0 WAR 500.0 WAR 500.0 WAR 500.0 0 RUN  2 RUN  1 RUN  1 RUN  4
 0 25 0 91.7 3 94.7 3 9.9 1 59.9 0.4  4 14 false 0.2  4  6 false 0.1  3  3 false 0.3  3  7 false
   STR WAR 500.0 WAR 500.0 WAR 500.0 WAR 500.0 0 RUN  2 RUN  1 RUN  1 RUN  4
 0 25 0 91.7 3 94.7 3 9.9 1 59.9 0.4  4 14 false 0.2  4  6 false 0.1  4  4 false 0.3  3  7 false
   STR WAR 500.0 WAR 500.0 WAR 500.0 WAR 500.0 0 RUN  2 RUN  1 RUN  1 RUN  4
 0 25 0 91.7 3 94.7 3 9.9 1 59.9 0.4  4 14 false 0.2  4  6 false 0.1  4  4 false 0.3  3  7 false
   STR WAR 500.0 WAR 500.0 WAR 500.0 WAR 500.0 0 RUN  2 RUN  1 RUN  1 RUN  4
 0 25 0 91.7 3 94.7 3 9.9 1 59.9 0.4  4 14 false 0.2  4  6 false 0.1  4  4 false 0.3  4 10 false
   STR WAR 500.0 WAR 500.0 WAR 500.0 WAR 500.0 0 RUN  2 RUN  1 RUN  1 RUN  4
 0 25 0 91.7 3 94.7 3 9.9 1 59.9 0.4  4 14 false 0.2  4  6 false 0.1  4  4 false 0.3  4 10 false
   STR WAR 500.0 WAR 500.0 WAR 500.0 WAR 500.0 0 RUN  2 RUN  1 RUN  1 RUN  4
 0 25 0 91.7 3 94.7 3 9.9 1 59.9 0.4  4 14 false 0.2  5  7 false 0.1  4  4 false 0.3  4 10 false
   STR WAR 500.0 WAR 500.0 WAR 500.0 WAR 500.0 0 RUN  2 RUN  1 RUN  1 RUN  4
 0 25 0 91.7 3 94.7 3 9.9 1 59.9 0.4  4 14 false 0.2  5  7 false 0.1  4  4 false 0.3  4 10 false
   STR WAR 500.0 WAR 500.0 WAR 500.0 WAR 500.0 0 RUN  2 RUN  1 RUN  1 RUN  4
 0 25 0 91.7 3 94.7 3 9.9 1 59.9 0.4  5 19 false 0.2  5  7 false 0.1  4  4 false 0.3  4 10 false
   STR WAR 500.0 WAR 500.0 WAR 500.0 WAR 500.0 0 RUN  2 RUN  1 RUN  1 RUN  4
 0 25 0 91.7 3 94.7 3 9.9 1 59.9 0.4  5 19 false 0.2  5  7 false 0.1  4  4 false 0.3  4 10 false
   STR WAR 500.0 WAR 500.0 WAR 500.0 WAR 500.0 0 RUN  2 RUN  1 RUN  1 RUN  4
 0 25 0 91.7 3 94.7 3 9.9 1 59.9 0.4  5 19 false 0.2  5  7 false 0.1  5  5 false 0.3  4 10 false
   STR WAR 500.0 WAR 500.0 WAR 500.0 WAR 500.0 0 RUN  2 RUN  1 RUN  1 RUN  4
 0 25 0 91.7 3 94.7 3 9.9 1 59.9 0.4  5 19 false 0.2  5  7 false 0.1  5  5 false 0.3  4 10 false
   STR WAR 500.0 WAR 500.0 WAR 500.0 WAR 500.0 0 RUN  2 RUN  1 RUN  1 RUN  4
 0 25 0 91.7 3 94.7 3 9.9 1 59.9 0.4  5 19 false 0.2  5  7 false 0.1  5  5 false 0.3  5 13 false
   STR WAR 500.0 WAR 500.0 WAR 500.0 WAR 500.0 0 RUN  2 RUN  1 RUN  1 RUN  4
 0 25 0 91.7 3 94.7 3 9.9 1 59.9 0.4  5 19 false 0.2  5  7 false 0.1  5  5 false 0.3  5 13 false
   STR WAR 500.0 WAR 500.0 WAR 500.0 WAR 500.0 0 RUN  2 RUN  1 RUN  1 RUN  4
 0 25 0 91.7 3 94.7 3 9.9 1 59.9 0.4  5 19 false 0.2  6  9 false 0.1  5  5 false 0.3  5 13 false
   STR WAR 500.0 WAR 500.0 WAR 500.0 WAR 500.0 0 RUN  2 RUN  1 RUN  1 RUN  4
 0 25 0 91.7 3 94.7 3 9.9 1 59.9 0.4  5 19 false 0.2  6  9 false 0.1  5  5 false 0.3  5 13 false
   STR WAR 500.0 WAR 500.0 WAR 500.0 WAR 500.0 0 RUN  2 RUN  1 RUN  1 RUN  4
 0 25 0 91.7 3 94.7 3 9.9 1 59.9 0.4  6 22 false 0.2  6  9 false 0.1  5  5 false 0.3  5 13 false
   STR WAR 500.0 WAR 500.0 WAR 500.0 WAR 500.0 0 RUN  2 RUN  1 RUN  1 RUN  4
 0 25 0 91.7 3 94.7 3 9.9 1 59.9 0.4  6 22 false 0.2  6  9 false 0.1  5  5 false 0.3  5 13 false
   STR WAR 500.0 WAR 500.0 WAR 500.0 WAR 500.0 0 RUN  2 RUN  1 RUN  1 RUN  4
 0 25 0 91.7 3 94.7 3 9.9 1 59.9 0.4  6 22 false 0.2  6  9 false 0.1  6  6 false 0.3  5 13 false
   STR WAR 500.0 WAR 500.0 WAR 500.0 WAR 500.0 0 RUN  2 RUN  1 RUN  1 RUN  4
 0 25 0 91.7 3 94.7 3 9.9 1 59.9 0.4  6 22 false 0.2  6  9 false 0.1  6  6 false 0.3  5 13 false
   STR WAR 500.0 WAR 500.0 WAR 500.0 WAR 500.0 0 RUN  2 RUN  1 RUN  1 RUN  4
 0 25 0 91.7 3 94.7 3 9.9 1 59.9 0.4  6 22 false 0.2  6  9 false 0.1  6  6 false 0.3  6 17 false
   STR WAR 500.0 WAR 500.0 WAR 500.0 WAR 500.0 0 RUN  2 RUN  1 RUN  1 RUN  4
 0 25 0 91.7 3 94.7 3 9.9 1 59.9 0.4  6 22 false 0.2  6  9 false 0.1  6  6 false 0.3  6 17 false
   STR WAR 500.0 WAR 500.0 WAR 500.0 WAR 500.0 0 RUN  2 RUN  1 RUN  1 RUN  4
 0 25 0 91.7 3 94.7 3 9.9 1 59.9 0.4  6 22 false 0.2  7 10 false 0.1  6  6 false 0.3  6 17 false
   STR WAR 500.0 WAR 500.0 WAR 500.0 WAR 500.0 0 RUN  2 RUN  1 RUN  1 RUN  4
 0 25 0 91.7 3 94.7 3 9.9 1 59.9 0.4  6 22 false 0.2  7 10 false 0.1  6  6 false 0.3  6 17 false
   STR WAR 500.0 WAR 500.0 WAR 500.0 WAR 500.0 0 RUN  2 RUN  1 RUN  1 RUN  4
 0 25 0 91.7 3 94.7 3 9.9 1 59.9 0.4  7 25 false 0.2  7 10 false 0.1  6  6 false 0.3  6 17 false
   STR WAR 500.0 WAR 500.0 WAR 500.0 WAR 500.0 0 RUN  2 RUN  1 RUN  1 RUN  4
 0 25 0 91.7 3 94.7 3 9.9 1 59.9 0.4  7 25 false 0.2  7 10 false 0.1  6  6 false 0.3  6 17 false
   STR WAR 500.0 WAR 500.0 WAR 500.0 WAR 500.0 0 RUN  2 RUN  1 RUN  1 RUN  4
 0 25 0 91.7 3 94.7 3 9.9 1 59.9 0.4  7 25 false 0.2  7 10 false 0.1  7  7 false 0.3  6 17 false
   STR WAR 500.0 WAR 500.0 WAR 500.0 WAR 500.0 0 RUN  2 RUN  1 RUN  1 RUN  4
 0 25 0 91.7 3 94.7 3 9.9 1 59.9 0.4  7 25 false 0.2  7 10 false 0.1  7  7 false 0.3  6 17 false
   STR WAR 500.0 WAR 500.0 WAR 500.0 WAR 500.0 0 RUN  2 RUN  1 RUN  1 RUN  4
 0 25 0 91.7 3 94.7 3 9.9 1 59.9 0.4  7 25 false 0.2  7 10 false 0.1  7  7 false 0.3  7 20 false
   STR WAR 500.0 WAR 500.0 WAR 500.0 WAR 500.0 0 RUN  2 RUN  1 RUN  1 RUN  4
 0 25 0 91.7 3 94.7 3 9.9 1 59.9 0.4  7 25 false 0.2  7 10 false 0.1  7  7 false 0.3  7 20 false
   STR WAR 500.0 WAR 500.0 WAR 500.0 WAR 500.0 0 RUN  2 RUN  1 RUN  1 RUN  4
 0 25 0 91.7 3 94.7 3 9.9 1 59.9 0.4  7 25 false 0.2  8 12 false 0.1  7  7 false 0.3  7 20 false
   STR WAR 500.0 WAR 500.0 WAR 500.0 WAR 500.0 0 RUN  2 RUN  1 RUN  1 RUN  4
 0 25 0 91.7 3 94.7 3 9.9 1 59.9 0.4  7 25 true 0.2  8 12 false 0.1  7  7 false 0.3  7 20 false
   STR WAR 500.0 WAR 500.0 WAR 500.0 WAR 500.0 0 ATFL  2 RUN  1 RUN  1 RUN  4
 0 25 0 91.7 3 94.7 3 9.9 1 59.9 0.4  7 25 true 0.2  8 12 false 0.1  7  7 false 0.3  7 20 false
   STR WAR 500.0 WAR 500.0 WAR 500.0 WAR 500.0 0 ATS  2 RUN  1 RUN  1 RUN  4
 0 25 0 91.7 3 94.7 3 9.9 1 59.9 0.4  7 25 true 0.2  8 12 false 0.1  7  7 false 0.3  7 20 false
