AFTERNOON AT THE RACE TRACK - Description of the internal state of the problem

MAN/BRK SPECTATOR/BETTER HORSE/JOCKEY PAIR at Race 0
  Stat  St0  Am0 St1  Am1 St2  Am2 St3  Am3 RN St0 Len0 St1 Len1 St2 Len2 St3 Len3
											Race 0 Status
 RN Dist BS0  BA0 BS1  BA1 BS2  BA2 BS3  BA3  Od0 N0 Ps0 Sd0 Od1 N1 Ps1 Sd1 Od2 N2 Ps2 Sd2 Od3 N3 Ps3 Sd3
   OTE  WRS  500 WRS  500 WRS  500 WRS  500  0 ---  --  ---  --  ---  --  ---  -- 
  0   0   -  ----  -  ----  -  ----  -  ---- ---- --  --  - ---- --  --  - ---- --  --  - ---- --  --  -
   ANR  WRS  500 WRS  500 WRS  500 WRS  500  1 ATS   4  ATS   1  ATS   4  ATS   4 
  1  25   -  ----  -  ----  -  ----  -  ----  3.3 --  --  - 13.0 --  --  -  3.3 --  --  -  3.3 --  --  -
   ANR  WRS  500 WRS  500 WRS  500 WRS  500  1 ATP   4  ATS   1  ATS   4  ATS   4 
  1  25   -  ----  -  ----  -  ----  -  ----  3.3 --  --  - 13.0 --  --  -  3.3 --  --  -  3.3 --  --  -
   ANR  WRS  500 WRS  500 WRS  500 WRS  500  1 ATP   4  ATP   1  ATS   4  ATS   4 
  1  25   -  ----  -  ----  -  ----  -  ----  3.3 --  --  - 13.0 --  --  -  3.3 --  --  -  3.3 --  --  -
   ANR  WRS  500 WRS  500 WRS  500 WRS  500  1 ATP   4  ATP   1  ATP   4  ATS   4 
  1  25   -  ----  -  ----  -  ----  -  ----  3.3 --  --  - 13.0 --  --  -  3.3 --  --  -  3.3 --  --  -
   ANR  WRS  500 WRS  500 WRS  500 WRS  500  1 ATP   4  ATP   1  ATP   4  ATP   4 
  1  25   -  ----  -  ----  -  ----  -  ----  3.3 --  --  - 13.0 --  --  -  3.3 --  --  -  3.3 --  --  -
   ANR  WRS  500 ATH  500 WRS  500 WRS  500  1 ATP   4  ATP   1  ATP   4  ATP   4 
  1  25   -  ----  -  ----  -  ----  -  ----  3.3 --  --  - 13.0 --  --  -  3.3 --  --  -  3.3 --  --  -
   ANR  WRS  500 ATH  500 ATH  500 WRS  500  1 ATP   4  ATP   1  ATP   4  ATP   4 
  1  25   -  ----  -  ----  -  ----  -  ----  3.3 --  --  - 13.0 --  --  -  3.3 --  --  -  3.3 --  --  -
   ANR  WRS  500 ATH  500 ATH  500 ATH  500  1 ATP   4  ATP   1  ATP   4  ATP   4 
  1  25   -  ----  -  ----  -  ----  -  ----  3.3 --  --  - 13.0 --  --  -  3.3 --  --  -  3.3 --  --  -
   ANR  ATH  500 ATH  500 ATH  500 ATH  500  1 ATP   4  ATP   1  ATP   4  ATP   4 
  1  25   -  ----  -  ----  -  ----  -  ----  3.3 --  --  - 13.0 --  --  -  3.3 --  --  -  3.3 --  --  -
   WFB  ATH  500 ATH  500 ATH  500 ATH  500  1 ATP   4  ATP   1  ATP   4  ATP   4 
  1  25   -  ----  -  ----  -  ----  -  ----  3.3 --  --  - 13.0 --  --  -  3.3 --  --  -  3.3 --  --  -
   WFB  ATH  500 ATH  500 ATH  500 ATH  500  1 ATP   4  ASL   1  ATP   4  ATP   4 
  1  25   -  ----  -  ----  -  ----  -  ----  3.3 --  --  - 13.0  0   0  -  3.3 --  --  -  3.3 --  --  -
   WFB  ATH  500 ATH  500 ATH  500 ATH  500  1 ATP   4  ASL   1  ATP   4  ASL   4 
  1  25   -  ----  -  ----  -  ----  -  ----  3.3 --  --  - 13.0  0   0  -  3.3 --  --  -  3.3  0   0  -
   WFB  PAB  500 ATH  500 ATH  500 ATH  500  1 ATP   4  ASL   1  ATP   4  ASL   4 
  1  25   -  ----  -  ----  -  ----  -  ----  3.3 --  --  - 13.0  0   0  -  3.3 --  --  -  3.3  0   0  -
   WFB  PAB  500 ATH  500 ATH  500 ATH  500  1 ASL   4  ASL   1  ATP   4  ASL   4 
  1  25   -  ----  -  ----  -  ----  -  ----  3.3  0   0  - 13.0  0   0  -  3.3 --  --  -  3.3  0   0  -
   WFB  PAB  500 ATH  500 ATH  500 ATH  500  1 ASL   4  ASL   1  ASL   4  ASL   4 
  1  25   -  ----  -  ----  -  ----  -  ----  3.3  0   0  - 13.0  0   0  -  3.3  0   0  -  3.3  0   0  -
   WFB  PAB  500 ATH  500 PAB  500 ATH  500  1 ASL   4  ASL   1  ASL   4  ASL   4 
  1  25   -  ----  -  ----  -  ----  -  ----  3.3  0   0  - 13.0  0   0  -  3.3  0   0  -  3.3  0   0  -
   WFB  PAB  500 PAB  500 PAB  500 ATH  500  1 ASL   4  ASL   1  ASL   4  ASL   4 
  1  25   -  ----  -  ----  -  ----  -  ----  3.3  0   0  - 13.0  0   0  -  3.3  0   0  -  3.3  0   0  -
   WFB  PAB  500 PAB  500 PAB  500 PAB  500  1 ASL   4  ASL   1  ASL   4  ASL   4 
  1  25   -  ----  -  ----  -  ----  -  ----  3.3  0   0  - 13.0  0   0  -  3.3  0   0  -  3.3  0   0  -
   WFB  PAB  250 PAB  500 PAB  500 PAB  500  1 ASL   4  ASL   1  ASL   4  ASL   4 
  1  25   3   250  -  ----  -  ----  -  ----  3.3  0   0  - 13.0  0   0  -  3.3  0   0  -  3.3  0   0  -
   WFB  PAB  250 PAB  500 PAB  497 PAB  500  1 ASL   4  ASL   1  ASL   4  ASL   4 
  1  25   3   250  -  ----  1     3  -  ----  3.3  0   0  - 13.0  0   0  -  3.3  0   0  -  3.3  0   0  -
   WFB  WAR  250 PAB  500 PAB  497 PAB  500  1 ASL   4  ASL   1  ASL   4  ASL   4 
  1  25   3   250  -  ----  1     3  -  ----  3.3  0   0  - 13.0  0   0  -  3.3  0   0  -  3.3  0   0  -
   WFB  WAR  250 PAB  493 PAB  497 PAB  500  1 ASL   4  ASL   1  ASL   4  ASL   4 
  1  25   3   250  3     7  1     3  -  ----  3.3  0   0  - 13.0  0   0  -  3.3  0   0  -  3.3  0   0  -
   WFB  WAR  250 PAB  493 WAR  497 PAB  500  1 ASL   4  ASL   1  ASL   4  ASL   4 
  1  25   3   250  3     7  1     3  -  ----  3.3  0   0  - 13.0  0   0  -  3.3  0   0  -  3.3  0   0  -
   WFB  WAR  250 PAB  493 WAR  497 PAB  497  1 ASL   4  ASL   1  ASL   4  ASL   4 
  1  25   3   250  3     7  1     3  2     3  3.3  0   0  - 13.0  0   0  -  3.3  0   0  -  3.3  0   0  -
   WFB  WAR  250 WAR  493 WAR  497 PAB  497  1 ASL   4  ASL   1  ASL   4  ASL   4 
  1  25   3   250  3     7  1     3  2     3  3.3  0   0  - 13.0  0   0  -  3.3  0   0  -  3.3  0   0  -
   WFB  WAR  250 WAR  493 WAR  497 WAR  497  1 ASL   4  ASL   1  ASL   4  ASL   4 
  1  25   3   250  3     7  1     3  2     3  3.3  0   0  - 13.0  0   0  -  3.3  0   0  -  3.3  0   0  -
   STR  WAR  250 WAR  493 WAR  497 WAR  497  1 ASL   4  ASL   1  ASL   4  ASL   4 
  1  25   3   250  3     7  1     3  2     3  3.3  0   0  - 13.0  0   0  -  3.3  0   0  -  3.3  0   0  -
   STR  WAR  250 WAR  493 WAR  497 WAR  497  1 RUN   4  ASL   1  ASL   4  ASL   4 
  1  25   3   250  3     7  1     3  2     3  3.3  1   2  - 13.0  0   0  -  3.3  0   0  -  3.3  0   0  -
   STR  WAR  250 WAR  493 WAR  497 WAR  497  1 RUN   4  RUN   1  ASL   4  ASL   4 
  1  25   3   250  3     7  1     3  2     3  3.3  1   2  - 13.0  1   1  -  3.3  0   0  -  3.3  0   0  -
   STR  WAR  250 WAR  493 WAR  497 WAR  497  1 RUN   4  RUN   1  RUN   4  ASL   4 
  1  25   3   250  3     7  1     3  2     3  3.3  1   2  - 13.0  1   1  -  3.3  1   3  -  3.3  0   0  -
   STR  WAR  250 WAR  493 WAR  497 WAR  497  1 RUN   4  RUN   1  RUN   4  RUN   4 
  1  25   3   250  3     7  1     3  2     3  3.3  1   2  - 13.0  1   1  -  3.3  1   3  -  3.3  1   2  -
   STR  WAR  250 WAR  493 WAR  497 WAR  497  1 RUN   4  RUN   1  RUN   4  RUN   4 
  1  25   3   250  3     7  1     3  2     3  3.3  2   6  - 13.0  1   1  -  3.3  1   3  -  3.3  1   2  -
   STR  WAR  250 WAR  493 WAR  497 WAR  497  1 RUN   4  RUN   1  RUN   4  RUN   4 
  1  25   3   250  3     7  1     3  2     3  3.3  2   6  - 13.0  2   2  -  3.3  1   3  -  3.3  1   2  -
   STR  WAR  250 WAR  493 WAR  497 WAR  497  1 RUN   4  RUN   1  RUN   4  RUN   4 
  1  25   3   250  3     7  1     3  2     3  3.3  2   6  - 13.0  2   2  -  3.3  2   5  -  3.3  1   2  -
   STR  WAR  250 WAR  493 WAR  497 WAR  497  1 RUN   4  RUN   1  RUN   4  RUN   4 
  1  25   3   250  3     7  1     3  2     3  3.3  2   6  - 13.0  2   2  -  3.3  2   5  -  3.3  2   6  -
   STR  WAR  250 WAR  493 WAR  497 WAR  497  1 RUN   4  RUN   1  RUN   4  RUN   4 
  1  25   3   250  3     7  1     3  2     3  3.3  3  10  - 13.0  2   2  -  3.3  2   5  -  3.3  2   6  -
   STR  WAR  250 WAR  493 WAR  497 WAR  497  1 RUN   4  RUN   1  RUN   4  RUN   4 
  1  25   3   250  3     7  1     3  2     3  3.3  3  10  - 13.0  3   3  -  3.3  2   5  -  3.3  2   6  -
   STR  WAR  250 WAR  493 WAR  497 WAR  497  1 RUN   4  RUN   1  RUN   4  RUN   4 
  1  25   3   250  3     7  1     3  2     3  3.3  3  10  - 13.0  3   3  -  3.3  3   9  -  3.3  2   6  -
   STR  WAR  250 WAR  493 WAR  497 WAR  497  1 RUN   4  RUN   1  RUN   4  RUN   4 
  1  25   3   250  3     7  1     3  2     3  3.3  3  10  - 13.0  3   3  -  3.3  3   9  -  3.3  3   8  -
   STR  WAR  250 WAR  493 WAR  497 WAR  497  1 RUN   4  RUN   1  RUN   4  RUN   4 
  1  25   3   250  3     7  1     3  2     3  3.3  4  12  - 13.0  3   3  -  3.3  3   9  -  3.3  3   8  -
   STR  WAR  250 WAR  493 WAR  497 WAR  497  1 RUN   4  RUN   1  RUN   4  RUN   4 
  1  25   3   250  3     7  1     3  2     3  3.3  4  12  - 13.0  4   4  -  3.3  3   9  -  3.3  3   8  -
   STR  WAR  250 WAR  493 WAR  497 WAR  497  1 RUN   4  RUN   1  RUN   4  RUN   4 
  1  25   3   250  3     7  1     3  2     3  3.3  4  12  - 13.0  4   4  -  3.3  4  10  -  3.3  3   8  -
   STR  WAR  250 WAR  493 WAR  497 WAR  497  1 RUN   4  RUN   1  RUN   4  RUN   4 
  1  25   3   250  3     7  1     3  2     3  3.3  4  12  - 13.0  4   4  -  3.3  4  10  -  3.3  4  11  -
   STR  WAR  250 WAR  493 WAR  497 WAR  497  1 RUN   4  RUN   1  RUN   4  RUN   4 
  1  25   3   250  3     7  1     3  2     3  3.3  5  14  - 13.0  4   4  -  3.3  4  10  -  3.3  4  11  -
   STR  WAR  250 WAR  493 WAR  497 WAR  497  1 RUN   4  RUN   1  RUN   4  RUN   4 
  1  25   3   250  3     7  1     3  2     3  3.3  5  14  - 13.0  5   5  -  3.3  4  10  -  3.3  4  11  -
   STR  WAR  250 WAR  493 WAR  497 WAR  497  1 RUN   4  RUN   1  RUN   4  RUN   4 
  1  25   3   250  3     7  1     3  2     3  3.3  5  14  - 13.0  5   5  -  3.3  5  11  -  3.3  4  11  -
   STR  WAR  250 WAR  493 WAR  497 WAR  497  1 RUN   4  RUN   1  RUN   4  RUN   4 
  1  25   3   250  3     7  1     3  2     3  3.3  5  14  - 13.0  5   5  -  3.3  5  11  -  3.3  5  12  -
   STR  WAR  250 WAR  493 WAR  497 WAR  497  1 RUN   4  RUN   1  RUN   4  RUN   4 
  1  25   3   250  3     7  1     3  2     3  3.3  6  17  - 13.0  5   5  -  3.3  5  11  -  3.3  5  12  -
   STR  WAR  250 WAR  493 WAR  497 WAR  497  1 RUN   4  RUN   1  RUN   4  RUN   4 
  1  25   3   250  3     7  1     3  2     3  3.3  6  17  - 13.0  6   6  -  3.3  5  11  -  3.3  5  12  -
   STR  WAR  250 WAR  493 WAR  497 WAR  497  1 RUN   4  RUN   1  RUN   4  RUN   4 
  1  25   3   250  3     7  1     3  2     3  3.3  6  17  - 13.0  6   6  -  3.3  6  12  -  3.3  5  12  -
   STR  WAR  250 WAR  493 WAR  497 WAR  497  1 RUN   4  RUN   1  RUN   4  RUN   4 
  1  25   3   250  3     7  1     3  2     3  3.3  6  17  - 13.0  6   6  -  3.3  6  12  -  3.3  6  14  -
   STR  WAR  250 WAR  493 WAR  497 WAR  497  1 RUN   4  RUN   1  RUN   4  RUN   4 
  1  25   3   250  3     7  1     3  2     3  3.3  7  21  - 13.0  6   6  -  3.3  6  12  -  3.3  6  14  -
   STR  WAR  250 WAR  493 WAR  497 WAR  497  1 RUN   4  RUN   1  RUN   4  RUN   4 
  1  25   3   250  3     7  1     3  2     3  3.3  7  21  - 13.0  7   7  -  3.3  6  12  -  3.3  6  14  -
   STR  WAR  250 WAR  493 WAR  497 WAR  497  1 RUN   4  RUN   1  RUN   4  RUN   4 
  1  25   3   250  3     7  1     3  2     3  3.3  7  21  - 13.0  7   7  -  3.3  7  15  -  3.3  6  14  -
   STR  WAR  250 WAR  493 WAR  497 WAR  497  1 RUN   4  RUN   1  RUN   4  RUN   4 
  1  25   3   250  3     7  1     3  2     3  3.3  7  21  - 13.0  7   7  -  3.3  7  15  -  3.3  7  17  -
   STR  WAR  250 WAR  493 WAR  497 WAR  497  1 RUN   4  RUN   1  RUN   4  RUN   4 
  1  25   3   250  3     7  1     3  2     3  3.3  8  25  - 13.0  7   7  -  3.3  7  15  -  3.3  7  17  -
   STR  WAR  250 WAR  493 WAR  497 WAR  497  1 RUN   4  RUN   1  RUN   4  RUN   4 
  1  25   3   250  3     7  1     3  2     3  3.3  8  25  - 13.0  8   8  -  3.3  7  15  -  3.3  7  17  -
   STR  WAR  250 WAR  493 WAR  497 WAR  497  1 RUN   4  RUN   1  RUN   4  RUN   4 
  1  25   3   250  3     7  1     3  2     3  3.3  8  25  - 13.0  8   8  -  3.3  8  18  -  3.3  7  17  -
   STR  WAR  250 WAR  493 WAR  497 WAR  497  1 RUN   4  RUN   1  RUN   4  RUN   4 
  1  25   3   250  3     7  1     3  2     3  3.3  8  25  - 13.0  8   8  -  3.3  8  18  -  3.3  8  19  -
   STR  WAR  250 WAR  493 WAR  497 WAR  497  1 AFL   4  RUN   1  RUN   4  RUN   4 
  1  25   3   250  3     7  1     3  2     3  3.3  8  25  - 13.0  8   8  -  3.3  8  18  -  3.3  8  19  -
   STR  WAR  250 WAR  493 WAR  497 WAR  497  1 AFL   4  RUN   1  RUN   4  RUN   4 
  1  25   3   250  3     7  1     3  2     3  3.3  8  25  - 13.0  9   9  -  3.3  8  18  -  3.3  8  19  -
   STR  WAR  250 WAR  493 WAR  497 WAR  497  1 ATS   4  RUN   1  RUN   4  RUN   4 
  1  25   3   250  3     7  1     3  2     3  3.3  8  25  - 13.0  9   9  -  3.3  8  18  -  3.3  8  19  -
   STR  WAR  250 WAR  493 WAR  497 WAR  497  1 ATS   4  RUN   1  RUN   4  RUN   4 
  1  25   3   250  3     7  1     3  2     3  3.3  8  25  - 13.0  9   9  -  3.3  9  20  -  3.3  8  19  -
   STR  WAR  250 WAR  493 WAR  497 WAR  497  1 ATS   4  RUN   1  RUN   4  RUN   4 
  1  25   3   250  3     7  1     3  2     3  3.3  8  25  - 13.0  9   9  -  3.3  9  20  -  3.3  9  21  -
   STR  WAR  250 WAR  493 WAR  497 WAR  497  1 ATS   4  RUN   1  RUN   4  RUN   4 
  1  25   3   250  3     7  1     3  2     3  3.3  8  25  - 13.0 10  10  -  3.3  9  20  -  3.3  9  21  -
   STR  WAR  250 WAR  493 WAR  497 WAR  497  1 ATS   4  RUN   1  RUN   4  RUN   4 
  1  25   3   250  3     7  1     3  2     3  3.3  8  25  - 13.0 10  10  -  3.3 10  22  -  3.3  9  21  -
   STR  WAR  250 WAR  493 WAR  497 WAR  497  1 ATS   4  RUN   1  RUN   4  RUN   4 
  1  25   3   250  3     7  1     3  2     3  3.3  8  25  - 13.0 10  10  -  3.3 10  22  -  3.3 10  24  -
   STR  WAR  250 WAR  493 WAR  497 WAR  497  1 ATS   4  RUN   1  RUN   4  RUN   4 
  1  25   3   250  3     7  1     3  2     3  3.3  8  25  - 13.0 11  11  -  3.3 10  22  -  3.3 10  24  -
   STR  WAR  250 WAR  493 WAR  497 WAR  497  1 ATS   4  RUN   1  RUN   4  RUN   4 
  1  25   3   250  3     7  1     3  2     3  3.3  8  25  - 13.0 11  11  -  3.3 11  25  -  3.3 10  24  -
   STR  WAR  250 WAR  493 WAR  497 WAR  497  1 ATS   4  RUN   1  RUN   4  RUN   4 
  1  25   3   250  3     7  1     3  2     3  3.3  8  25  - 13.0 11  11  -  3.3 11  25  -  3.3 11  27  -
   STR  WAR  250 WAR  493 WAR  497 WAR  497  1 ATS   4  RUN   1  RUN   4  RUN   4 
  1  25   3   250  3     7  1     3  2     3  3.3  8  25  - 13.0 12  12  -  3.3 11  25  -  3.3 11  27  -
   STR  WAR  250 WAR  493 WAR  497 WAR  497  1 ATS   4  RUN   1  AFL   4  RUN   4 
  1  25   3   250  3     7  1     3  2     3  3.3  8  25  - 13.0 12  12  -  3.3 11  25  -  3.3 11  27  -
   STR  WAR  250 WAR  493 WAR  497 WAR  497  1 ATS   4  RUN   1  AFL   4  AFL   4 
  1  25   3   250  3     7  1     3  2     3  3.3  8  25  - 13.0 12  12  -  3.3 11  25  -  3.3 11  27  -
   STR  WAR  250 WAR  493 WAR  497 WAR  497  1 ATS   4  RUN   1  ATS   4  AFL   4 
  1  25   3   250  3     7  1     3  2     3  3.3  8  25  - 13.0 12  12  -  3.3 11  25  -  3.3 11  27  -
   STR  WAR  250 WAR  493 WAR  497 WAR  497  1 ATS   4  RUN   1  ATS   4  AFL   4 
  1  25   3   250  3     7  1     3  2     3  3.3  8  25  - 13.0 13  13  -  3.3 11  25  -  3.3 11  27  -
   STR  WAR  250 WAR  493 WAR  497 WAR  497  1 ATS   4  RUN   1  ATS   4  ATS   4 
  1  25   3   250  3     7  1     3  2     3  3.3  8  25  - 13.0 13  13  -  3.3 11  25  -  3.3 11  27  -
   STR  WAR  250 WAR  493 WAR  497 WAR  497  1 ATS   4  RUN   1  ATS   4  ATS   4 
  1  25   3   250  3     7  1     3  2     3  3.3  8  25  - 13.0 14  14  -  3.3 11  25  -  3.3 11  27  -
   STR  WAR  250 WAR  493 WAR  497 WAR  497  1 ATS   4  RUN   1  ATS   4  ATS   4 
  1  25   3   250  3     7  1     3  2     3  3.3  8  25  - 13.0 15  15  -  3.3 11  25  -  3.3 11  27  -
   STR  WAR  250 WAR  493 WAR  497 WAR  497  1 ATS   4  RUN   1  ATS   4  ATS   4 
  1  25   3   250  3     7  1     3  2     3  3.3  8  25  - 13.0 16  16  -  3.3 11  25  -  3.3 11  27  -
   STR  WAR  250 WAR  493 WAR  497 WAR  497  1 ATS   4  RUN   1  ATS   4  ATS   4 
  1  25   3   250  3     7  1     3  2     3  3.3  8  25  - 13.0 17  17  -  3.3 11  25  -  3.3 11  27  -
   STR  WAR  250 WAR  493 WAR  497 WAR  497  1 ATS   4  RUN   1  ATS   4  ATS   4 
  1  25   3   250  3     7  1     3  2     3  3.3  8  25  - 13.0 18  18  -  3.3 11  25  -  3.3 11  27  -
   STR  WAR  250 WAR  493 WAR  497 WAR  497  1 ATS   4  RUN   1  ATS   4  ATS   4 
  1  25   3   250  3     7  1     3  2     3  3.3  8  25  - 13.0 19  19  -  3.3 11  25  -  3.3 11  27  -
   STR  WAR  250 WAR  493 WAR  497 WAR  497  1 ATS   4  RUN   1  ATS   4  ATS   4 
  1  25   3   250  3     7  1     3  2     3  3.3  8  25  - 13.0 20  20  -  3.3 11  25  -  3.3 11  27  -
   STR  WAR  250 WAR  493 WAR  497 WAR  497  1 ATS   4  RUN   1  ATS   4  ATS   4 
  1  25   3   250  3     7  1     3  2     3  3.3  8  25  - 13.0 21  21  -  3.3 11  25  -  3.3 11  27  -
   STR  WAR  250 WAR  493 WAR  497 WAR  497  1 ATS   4  RUN   1  ATS   4  ATS   4 
  1  25   3   250  3     7  1     3  2     3  3.3  8  25  - 13.0 22  22  -  3.3 11  25  -  3.3 11  27  -
   STR  WAR  250 WAR  493 WAR  497 WAR  497  1 ATS   4  RUN   1  ATS   4  ATS   4 
  1  25   3   250  3     7  1     3  2     3  3.3  8  25  - 13.0 23  23  -  3.3 11  25  -  3.3 11  27  -
   STR  WAR  250 WAR  493 WAR  497 WAR  497  1 ATS   4  RUN   1  ATS   4  ATS   4 
  1  25   3   250  3     7  1     3  2     3  3.3  8  25  - 13.0 24  24  -  3.3 11  25  -  3.3 11  27  -
   STR  WAR  250 WAR  493 WAR  497 WAR  497  1 ATS   4  RUN   1  ATS   4  ATS   4 
  1  25   3   250  3     7  1     3  2     3  3.3  8  25  - 13.0 25  25  -  3.3 11  25  -  3.3 11  27  -
   STR  WAR  250 WAR  493 WAR  497 WAR  497  1 ATS   4  AFL   1  ATS   4  ATS   4 
  1  25   3   250  3     7  1     3  2     3  3.3  8  25  - 13.0 25  25  -  3.3 11  25  -  3.3 11  27  -
   STR  WAR  250 WAR  493 WAR  497 WAR  497  1 ATS   4  AFL   1  ATS   4  ATS   4 
  1  25   3   250  3     7  1     3  2     3  3.3  8  25  1 13.0 25  25  3  3.3 11  25  2  3.3 11  27  2
   STR  WAR  250 WAR  493 WAR  497 WAR  497  1 ATS   4  ATS   1  ATS   4  ATS   4 
  1  25   3   250  3     7  1     3  2     3  3.3  8  25  1 13.0 25  25  3  3.3 11  25  2  3.3 11  27  2
   STR  WAR  250 WAR  493 WAR  497 WRS  497  1 ATS   4  ATS   1  ATS   4  ATS   4 
  1  25   3   250  3     7  1     3  2     3  3.3  8  25  1 13.0 25  25  3  3.3 11  25  2  3.3 11  27  2
   STR  WAR  250 WRS  493 WAR  497 WRS  497  1 ATS   4  ATS   1  ATS   4  ATS   4 
  1  25   3   250  3     7  1     3  2     3  3.3  8  25  1 13.0 25  25  3  3.3 11  25  2  3.3 11  27  2
   STR  WAR  250 WRS  493 WRS  497 WRS  497  1 ATS   4  ATS   1  ATS   4  ATS   4 
  1  25   3   250  3     7  1     3  2     3  3.3  8  25  1 13.0 25  25  3  3.3 11  25  2  3.3 11  27  2
   STR  WRS  250 WRS  493 WRS  497 WRS  497  1 ATS   4  ATS   1  ATS   4  ATS   4 
  1  25   3   250  3     7  1     3  2     3  3.3  8  25  1 13.0 25  25  3  3.3 11  25  2  3.3 11  27  2
   ANR  WRS  250 WRS  493 WRS  497 WRS  497  2 ATS   4  ATS   2  ATS   3  ATS   3 
  2  25   -  ----  -  ----  -  ----  -  ----  3.0 --  --  -  6.0 --  --  -  4.0 --  --  -  4.0 --  --  -
   ANR  WRS  250 WRS  493 WRS  497 WRS  497  2 ATS   4  ATS   2  ATS   3  ATP   3 
  2  25   -  ----  -  ----  -  ----  -  ----  3.0 --  --  -  6.0 --  --  -  4.0 --  --  -  4.0 --  --  -
   ANR  WRS  250 WRS  493 WRS  497 WRS  497  2 ATP   4  ATS   2  ATS   3  ATP   3 
  2  25   -  ----  -  ----  -  ----  -  ----  3.0 --  --  -  6.0 --  --  -  4.0 --  --  -  4.0 --  --  -
   ANR  WRS  250 WRS  493 WRS  497 WRS  497  2 ATP   4  ATP   2  ATS   3  ATP   3 
  2  25   -  ----  -  ----  -  ----  -  ----  3.0 --  --  -  6.0 --  --  -  4.0 --  --  -  4.0 --  --  -
   ANR  WRS  250 WRS  493 WRS  497 WRS  497  2 ATP   4  ATP   2  ATP   3  ATP   3 
  2  25   -  ----  -  ----  -  ----  -  ----  3.0 --  --  -  6.0 --  --  -  4.0 --  --  -  4.0 --  --  -
   ANR  WRS  250 WRS  493 WRS  497 ATH  497  2 ATP   4  ATP   2  ATP   3  ATP   3 
  2  25   -  ----  -  ----  -  ----  -  ----  3.0 --  --  -  6.0 --  --  -  4.0 --  --  -  4.0 --  --  -
   ANR  WRS  250 WRS  493 ATH  497 ATH  497  2 ATP   4  ATP   2  ATP   3  ATP   3 
  2  25   -  ----  -  ----  -  ----  -  ----  3.0 --  --  -  6.0 --  --  -  4.0 --  --  -  4.0 --  --  -
   ANR  WRS  250 ATH  493 ATH  497 ATH  497  2 ATP   4  ATP   2  ATP   3  ATP   3 
  2  25   -  ----  -  ----  -  ----  -  ----  3.0 --  --  -  6.0 --  --  -  4.0 --  --  -  4.0 --  --  -
   ANR  ATH  250 ATH  493 ATH  497 ATH  497  2 ATP   4  ATP   2  ATP   3  ATP   3 
  2  25   -  ----  -  ----  -  ----  -  ----  3.0 --  --  -  6.0 --  --  -  4.0 --  --  -  4.0 --  --  -
   WFB  ATH  250 ATH  493 ATH  497 ATH  497  2 ATP   4  ATP   2  ATP   3  ATP   3 
  2  25   -  ----  -  ----  -  ----  -  ----  3.0 --  --  -  6.0 --  --  -  4.0 --  --  -  4.0 --  --  -
   WFB  ATH  250 ATH  493 ATH  497 ATH  497  2 ASL   4  ATP   2  ATP   3  ATP   3 
  2  25   -  ----  -  ----  -  ----  -  ----  3.0  0   0  -  6.0 --  --  -  4.0 --  --  -  4.0 --  --  -
   WFB  ATH  250 ATH  493 ATH  497 ATH  497  2 ASL   4  ATP   2  ATP   3  ASL   3 
  2  25   -  ----  -  ----  -  ----  -  ----  3.0  0   0  -  6.0 --  --  -  4.0 --  --  -  4.0  0   0  -
   WFB  ATH  250 PAB  493 ATH  497 ATH  497  2 ASL   4  ATP   2  ATP   3  ASL   3 
  2  25   -  ----  -  ----  -  ----  -  ----  3.0  0   0  -  6.0 --  --  -  4.0 --  --  -  4.0  0   0  -
   WFB  ATH  250 PAB  493 ATH  497 ATH  497  2 ASL   4  ASL   2  ATP   3  ASL   3 
  2  25   -  ----  -  ----  -  ----  -  ----  3.0  0   0  -  6.0  0   0  -  4.0 --  --  -  4.0  0   0  -
   WFB  ATH  250 PAB  493 PAB  497 ATH  497  2 ASL   4  ASL   2  ATP   3  ASL   3 
  2  25   -  ----  -  ----  -  ----  -  ----  3.0  0   0  -  6.0  0   0  -  4.0 --  --  -  4.0  0   0  -
   WFB  ATH  250 PAB  493 PAB  497 ATH  497  2 ASL   4  ASL   2  ASL   3  ASL   3 
  2  25   -  ----  -  ----  -  ----  -  ----  3.0  0   0  -  6.0  0   0  -  4.0  0   0  -  4.0  0   0  -
   WFB  ATH  250 PAB  493 PAB  497 PAB  497  2 ASL   4  ASL   2  ASL   3  ASL   3 
  2  25   -  ----  -  ----  -  ----  -  ----  3.0  0   0  -  6.0  0   0  -  4.0  0   0  -  4.0  0   0  -
   WFB  PAB  250 PAB  493 PAB  497 PAB  497  2 ASL   4  ASL   2  ASL   3  ASL   3 
  2  25   -  ----  -  ----  -  ----  -  ----  3.0  0   0  -  6.0  0   0  -  4.0  0   0  -  4.0  0   0  -
   WFB  PAB  250 PAB  423 PAB  497 PAB  497  2 ASL   4  ASL   2  ASL   3  ASL   3 
  2  25   -  ----  0    70  -  ----  -  ----  3.0  0   0  -  6.0  0   0  -  4.0  0   0  -  4.0  0   0  -
   WFB  PAB  250 PAB  423 PAB  436 PAB  497  2 ASL   4  ASL   2  ASL   3  ASL   3 
  2  25   -  ----  0    70  1    61  -  ----  3.0  0   0  -  6.0  0   0  -  4.0  0   0  -  4.0  0   0  -
   WFB  PAB  250 WAR  423 PAB  436 PAB  497  2 ASL   4  ASL   2  ASL   3  ASL   3 
  2  25   -  ----  0    70  1    61  -  ----  3.0  0   0  -  6.0  0   0  -  4.0  0   0  -  4.0  0   0  -
   WFB  PAB  250 WAR  423 PAB  436 PAB  479  2 ASL   4  ASL   2  ASL   3  ASL   3 
  2  25   -  ----  0    70  1    61  3    18  3.0  0   0  -  6.0  0   0  -  4.0  0   0  -  4.0  0   0  -
   WFB  PAB  250 WAR  423 WAR  436 PAB  479  2 ASL   4  ASL   2  ASL   3  ASL   3 
  2  25   -  ----  0    70  1    61  3    18  3.0  0   0  -  6.0  0   0  -  4.0  0   0  -  4.0  0   0  -
   WFB  PAB  125 WAR  423 WAR  436 PAB  479  2 ASL   4  ASL   2  ASL   3  ASL   3 
  2  25   0   125  0    70  1    61  3    18  3.0  0   0  -  6.0  0   0  -  4.0  0   0  -  4.0  0   0  -
   WFB  PAB  125 WAR  423 WAR  436 WAR  479  2 ASL   4  ASL   2  ASL   3  ASL   3 
  2  25   0   125  0    70  1    61  3    18  3.0  0   0  -  6.0  0   0  -  4.0  0   0  -  4.0  0   0  -
   WFB  WAR  125 WAR  423 WAR  436 WAR  479  2 ASL   4  ASL   2  ASL   3  ASL   3 
  2  25   0   125  0    70  1    61  3    18  3.0  0   0  -  6.0  0   0  -  4.0  0   0  -  4.0  0   0  -
   STR  WAR  125 WAR  423 WAR  436 WAR  479  2 ASL   4  ASL   2  ASL   3  ASL   3 
  2  25   0   125  0    70  1    61  3    18  3.0  0   0  -  6.0  0   0  -  4.0  0   0  -  4.0  0   0  -
   STR  WAR  125 WAR  423 WAR  436 WAR  479  2 RUN   4  ASL   2  ASL   3  ASL   3 
  2  25   0   125  0    70  1    61  3    18  3.0  1   4  -  6.0  0   0  -  4.0  0   0  -  4.0  0   0  -
   STR  WAR  125 WAR  423 WAR  436 WAR  479  2 RUN   4  RUN   2  ASL   3  ASL   3 
  2  25   0   125  0    70  1    61  3    18  3.0  1   4  -  6.0  1   1  -  4.0  0   0  -  4.0  0   0  -
   STR  WAR  125 WAR  423 WAR  436 WAR  479  2 RUN   4  RUN   2  RUN   3  ASL   3 
  2  25   0   125  0    70  1    61  3    18  3.0  1   4  -  6.0  1   1  -  4.0  1   3  -  4.0  0   0  -
   STR  WAR  125 WAR  423 WAR  436 WAR  479  2 RUN   4  RUN   2  RUN   3  RUN   3 
  2  25   0   125  0    70  1    61  3    18  3.0  1   4  -  6.0  1   1  -  4.0  1   3  -  4.0  1   2  -
   STR  WAR  125 WAR  423 WAR  436 WAR  479  2 RUN   4  RUN   2  RUN   3  RUN   3 
  2  25   0   125  0    70  1    61  3    18  3.0  2   5  -  6.0  1   1  -  4.0  1   3  -  4.0  1   2  -
   STR  WAR  125 WAR  423 WAR  436 WAR  479  2 RUN   4  RUN   2  RUN   3  RUN   3 
  2  25   0   125  0    70  1    61  3    18  3.0  2   5  -  6.0  2   2  -  4.0  1   3  -  4.0  1   2  -
   STR  WAR  125 WAR  423 WAR  436 WAR  479  2 RUN   4  RUN   2  RUN   3  RUN   3 
  2  25   0   125  0    70  1    61  3    18  3.0  2   5  -  6.0  2   2  -  4.0  2   5  -  4.0  1   2  -
   STR  WAR  125 WAR  423 WAR  436 WAR  479  2 RUN   4  RUN   2  RUN   3  RUN   3 
  2  25   0   125  0    70  1    61  3    18  3.0  2   5  -  6.0  2   2  -  4.0  2   5  -  4.0  2   5  -
   STR  WAR  125 WAR  423 WAR  436 WAR  479  2 RUN   4  RUN   2  RUN   3  RUN   3 
  2  25   0   125  0    70  1    61  3    18  3.0  3   6  -  6.0  2   2  -  4.0  2   5  -  4.0  2   5  -
   STR  WAR  125 WAR  423 WAR  436 WAR  479  2 RUN   4  RUN   2  RUN   3  RUN   3 
  2  25   0   125  0    70  1    61  3    18  3.0  3   6  -  6.0  3   4  -  4.0  2   5  -  4.0  2   5  -
   STR  WAR  125 WAR  423 WAR  436 WAR  479  2 RUN   4  RUN   2  RUN   3  RUN   3 
  2  25   0   125  0    70  1    61  3    18  3.0  3   6  -  6.0  3   4  -  4.0  3   8  -  4.0  2   5  -
   STR  WAR  125 WAR  423 WAR  436 WAR  479  2 RUN   4  RUN   2  RUN   3  RUN   3 
  2  25   0   125  0    70  1    61  3    18  3.0  3   6  -  6.0  3   4  -  4.0  3   8  -  4.0  3   8  -
   STR  WAR  125 WAR  423 WAR  436 WAR  479  2 RUN   4  RUN   2  RUN   3  RUN   3 
  2  25   0   125  0    70  1    61  3    18  3.0  4   7  -  6.0  3   4  -  4.0  3   8  -  4.0  3   8  -
   STR  WAR  125 WAR  423 WAR  436 WAR  479  2 RUN   4  RUN   2  RUN   3  RUN   3 
  2  25   0   125  0    70  1    61  3    18  3.0  4   7  -  6.0  4   6  -  4.0  3   8  -  4.0  3   8  -
   STR  WAR  125 WAR  423 WAR  436 WAR  479  2 RUN   4  RUN   2  RUN   3  RUN   3 
  2  25   0   125  0    70  1    61  3    18  3.0  4   7  -  6.0  4   6  -  4.0  4  11  -  4.0  3   8  -
   STR  WAR  125 WAR  423 WAR  436 WAR  479  2 RUN   4  RUN   2  RUN   3  RUN   3 
  2  25   0   125  0    70  1    61  3    18  3.0  4   7  -  6.0  4   6  -  4.0  4  11  -  4.0  4   9  -
   STR  WAR  125 WAR  423 WAR  436 WAR  479  2 RUN   4  RUN   2  RUN   3  RUN   3 
  2  25   0   125  0    70  1    61  3    18  3.0  5  10  -  6.0  4   6  -  4.0  4  11  -  4.0  4   9  -
   STR  WAR  125 WAR  423 WAR  436 WAR  479  2 RUN   4  RUN   2  RUN   3  RUN   3 
  2  25   0   125  0    70  1    61  3    18  3.0  5  10  -  6.0  5   8  -  4.0  4  11  -  4.0  4   9  -
   STR  WAR  125 WAR  423 WAR  436 WAR  479  2 RUN   4  RUN   2  RUN   3  RUN   3 
  2  25   0   125  0    70  1    61  3    18  3.0  5  10  -  6.0  5   8  -  4.0  5  14  -  4.0  4   9  -
   STR  WAR  125 WAR  423 WAR  436 WAR  479  2 RUN   4  RUN   2  RUN   3  RUN   3 
  2  25   0   125  0    70  1    61  3    18  3.0  5  10  -  6.0  5   8  -  4.0  5  14  -  4.0  5  11  -
   STR  WAR  125 WAR  423 WAR  436 WAR  479  2 RUN   4  RUN   2  RUN   3  RUN   3 
  2  25   0   125  0    70  1    61  3    18  3.0  6  14  -  6.0  5   8  -  4.0  5  14  -  4.0  5  11  -
   STR  WAR  125 WAR  423 WAR  436 WAR  479  2 RUN   4  RUN   2  RUN   3  RUN   3 
  2  25   0   125  0    70  1    61  3    18  3.0  6  14  -  6.0  6  10  -  4.0  5  14  -  4.0  5  11  -
   STR  WAR  125 WAR  423 WAR  436 WAR  479  2 RUN   4  RUN   2  RUN   3  RUN   3 
  2  25   0   125  0    70  1    61  3    18  3.0  6  14  -  6.0  6  10  -  4.0  6  15  -  4.0  5  11  -
   STR  WAR  125 WAR  423 WAR  436 WAR  479  2 RUN   4  RUN   2  RUN   3  RUN   3 
  2  25   0   125  0    70  1    61  3    18  3.0  6  14  -  6.0  6  10  -  4.0  6  15  -  4.0  6  14  -
   STR  WAR  125 WAR  423 WAR  436 WAR  479  2 RUN   4  RUN   2  RUN   3  RUN   3 
  2  25   0   125  0    70  1    61  3    18  3.0  7  18  -  6.0  6  10  -  4.0  6  15  -  4.0  6  14  -
   STR  WAR  125 WAR  423 WAR  436 WAR  479  2 RUN   4  RUN   2  RUN   3  RUN   3 
  2  25   0   125  0    70  1    61  3    18  3.0  7  18  -  6.0  7  12  -  4.0  6  15  -  4.0  6  14  -
   STR  WAR  125 WAR  423 WAR  436 WAR  479  2 RUN   4  RUN   2  RUN   3  RUN   3 
  2  25   0   125  0    70  1    61  3    18  3.0  7  18  -  6.0  7  12  -  4.0  7  18  -  4.0  6  14  -
   STR  WAR  125 WAR  423 WAR  436 WAR  479  2 RUN   4  RUN   2  RUN   3  RUN   3 
  2  25   0   125  0    70  1    61  3    18  3.0  7  18  -  6.0  7  12  -  4.0  7  18  -  4.0  7  16  -
   STR  WAR  125 WAR  423 WAR  436 WAR  479  2 RUN   4  RUN   2  RUN   3  RUN   3 
  2  25   0   125  0    70  1    61  3    18  3.0  8  20  -  6.0  7  12  -  4.0  7  18  -  4.0  7  16  -
   STR  WAR  125 WAR  423 WAR  436 WAR  479  2 RUN   4  RUN   2  RUN   3  RUN   3 
  2  25   0   125  0    70  1    61  3    18  3.0  8  20  -  6.0  8  14  -  4.0  7  18  -  4.0  7  16  -
   STR  WAR  125 WAR  423 WAR  436 WAR  479  2 RUN   4  RUN   2  RUN   3  RUN   3 
  2  25   0   125  0    70  1    61  3    18  3.0  8  20  -  6.0  8  14  -  4.0  8  20  -  4.0  7  16  -
   STR  WAR  125 WAR  423 WAR  436 WAR  479  2 RUN   4  RUN   2  RUN   3  RUN   3 
  2  25   0   125  0    70  1    61  3    18  3.0  8  20  -  6.0  8  14  -  4.0  8  20  -  4.0  8  17  -
   STR  WAR  125 WAR  423 WAR  436 WAR  479  2 RUN   4  RUN   2  RUN   3  RUN   3 
  2  25   0   125  0    70  1    61  3    18  3.0  9  22  -  6.0  8  14  -  4.0  8  20  -  4.0  8  17  -
   STR  WAR  125 WAR  423 WAR  436 WAR  479  2 RUN   4  RUN   2  RUN   3  RUN   3 
  2  25   0   125  0    70  1    61  3    18  3.0  9  22  -  6.0  9  16  -  4.0  8  20  -  4.0  8  17  -
   STR  WAR  125 WAR  423 WAR  436 WAR  479  2 RUN   4  RUN   2  RUN   3  RUN   3 
  2  25   0   125  0    70  1    61  3    18  3.0  9  22  -  6.0  9  16  -  4.0  9  23  -  4.0  8  17  -
   STR  WAR  125 WAR  423 WAR  436 WAR  479  2 RUN   4  RUN   2  RUN   3  RUN   3 
  2  25   0   125  0    70  1    61  3    18  3.0  9  22  -  6.0  9  16  -  4.0  9  23  -  4.0  9  19  -
   STR  WAR  125 WAR  423 WAR  436 WAR  479  2 RUN   4  RUN   2  RUN   3  RUN   3 
  2  25   0   125  0    70  1    61  3    18  3.0 10  26  -  6.0  9  16  -  4.0  9  23  -  4.0  9  19  -
   STR  WAR  125 WAR  423 WAR  436 WAR  479  2 RUN   4  RUN   2  RUN   3  RUN   3 
  2  25   0   125  0    70  1    61  3    18  3.0 10  26  -  6.0 10  17  -  4.0  9  23  -  4.0  9  19  -
   STR  WAR  125 WAR  423 WAR  436 WAR  479  2 RUN   4  RUN   2  RUN   3  RUN   3 
  2  25   0   125  0    70  1    61  3    18  3.0 10  26  -  6.0 10  17  -  4.0 10  24  -  4.0  9  19  -
   STR  WAR  125 WAR  423 WAR  436 WAR  479  2 RUN   4  RUN   2  RUN   3  RUN   3 
  2  25   0   125  0    70  1    61  3    18  3.0 10  26  -  6.0 10  17  -  4.0 10  24  -  4.0 10  22  -
   STR  WAR  125 WAR  423 WAR  436 WAR  479  2 AFL   4  RUN   2  RUN   3  RUN   3 
  2  25   0   125  0    70  1    61  3    18  3.0 10  26  -  6.0 10  17  -  4.0 10  24  -  4.0 10  22  -
   STR  WAR  125 WAR  423 WAR  436 WAR  479  2 AFL   4  RUN   2  RUN   3  RUN   3 
  2  25   0   125  0    70  1    61  3    18  3.0 10  26  -  6.0 11  19  -  4.0 10  24  -  4.0 10  22  -
   STR  WAR  125 WAR  423 WAR  436 WAR  479  2 ATS   4  RUN   2  RUN   3  RUN   3 
  2  25   0   125  0    70  1    61  3    18  3.0 10  26  -  6.0 11  19  -  4.0 10  24  -  4.0 10  22  -
   STR  WAR  125 WAR  423 WAR  436 WAR  479  2 ATS   4  RUN   2  RUN   3  RUN   3 
  2  25   0   125  0    70  1    61  3    18  3.0 10  26  -  6.0 11  19  -  4.0 11  25  -  4.0 10  22  -
   STR  WAR  125 WAR  423 WAR  436 WAR  479  2 ATS   4  RUN   2  RUN   3  RUN   3 
  2  25   0   125  0    70  1    61  3    18  3.0 10  26  -  6.0 11  19  -  4.0 11  25  -  4.0 11  23  -
   STR  WAR  125 WAR  423 WAR  436 WAR  479  2 ATS   4  RUN   2  RUN   3  RUN   3 
  2  25   0   125  0    70  1    61  3    18  3.0 10  26  -  6.0 12  20  -  4.0 11  25  -  4.0 11  23  -
   STR  WAR  125 WAR  423 WAR  436 WAR  479  2 ATS   4  RUN   2  AFL   3  RUN   3 
  2  25   0   125  0    70  1    61  3    18  3.0 10  26  -  6.0 12  20  -  4.0 11  25  -  4.0 11  23  -
   STR  WAR  125 WAR  423 WAR  436 WAR  479  2 ATS   4  RUN   2  AFL   3  RUN   3 
  2  25   0   125  0    70  1    61  3    18  3.0 10  26  -  6.0 12  20  -  4.0 11  25  -  4.0 12  24  -
   STR  WAR  125 WAR  423 WAR  436 WAR  479  2 ATS   4  RUN   2  ATS   3  RUN   3 
  2  25   0   125  0    70  1    61  3    18  3.0 10  26  -  6.0 12  20  -  4.0 11  25  -  4.0 12  24  -
   STR  WAR  125 WAR  423 WAR  436 WAR  479  2 ATS   4  RUN   2  ATS   3  RUN   3 
  2  25   0   125  0    70  1    61  3    18  3.0 10  26  -  6.0 13  22  -  4.0 11  25  -  4.0 12  24  -
   STR  WAR  125 WAR  423 WAR  436 WAR  479  2 ATS   4  RUN   2  ATS   3  RUN   3 
  2  25   0   125  0    70  1    61  3    18  3.0 10  26  -  6.0 13  22  -  4.0 11  25  -  4.0 13  26  -
   STR  WAR  125 WAR  423 WAR  436 WAR  479  2 ATS   4  RUN   2  ATS   3  RUN   3 
  2  25   0   125  0    70  1    61  3    18  3.0 10  26  -  6.0 14  23  -  4.0 11  25  -  4.0 13  26  -
   STR  WAR  125 WAR  423 WAR  436 WAR  479  2 ATS   4  RUN   2  ATS   3  AFL   3 
  2  25   0   125  0    70  1    61  3    18  3.0 10  26  -  6.0 14  23  -  4.0 11  25  -  4.0 13  26  -
   STR  WAR  125 WAR  423 WAR  436 WAR  479  2 ATS   4  RUN   2  ATS   3  AFL   3 
  2  25   0   125  0    70  1    61  3    18  3.0 10  26  -  6.0 15  24  -  4.0 11  25  -  4.0 13  26  -
   STR  WAR  125 WAR  423 WAR  436 WAR  479  2 ATS   4  RUN   2  ATS   3  ATS   3 
  2  25   0   125  0    70  1    61  3    18  3.0 10  26  -  6.0 15  24  -  4.0 11  25  -  4.0 13  26  -
   STR  WAR  125 WAR  423 WAR  436 WAR  479  2 ATS   4  RUN   2  ATS   3  ATS   3 
  2  25   0   125  0    70  1    61  3    18  3.0 10  26  -  6.0 16  25  -  4.0 11  25  -  4.0 13  26  -
   STR  WAR  125 WAR  423 WAR  436 WAR  479  2 ATS   4  AFL   2  ATS   3  ATS   3 
  2  25   0   125  0    70  1    61  3    18  3.0 10  26  -  6.0 16  25  -  4.0 11  25  -  4.0 13  26  -
   STR  WAR  125 WAR  423 WAR  436 WAR  479  2 ATS   4  AFL   2  ATS   3  ATS   3 
  2  25   0   125  0    70  1    61  3    18  3.0 10  26  1  6.0 16  25  4  4.0 11  25  2  4.0 13  26  3
   STR  WAR  125 WAR  423 WAR  436 WAR  479  2 ATS   4  ATS   2  ATS   3  ATS   3 
  2  25   0   125  0    70  1    61  3    18  3.0 10  26  1  6.0 16  25  4  4.0 11  25  2  4.0 13  26  3
   STR  WAR  125 WAR  423 WAR  436 WRS  479  2 ATS   4  ATS   2  ATS   3  ATS   3 
  2  25   0   125  0    70  1    61  3    18  3.0 10  26  1  6.0 16  25  4  4.0 11  25  2  4.0 13  26  3
    SA  WAR  125 WAR  423 WAR  436 WRS  479  2 ATS   4  ATS   2  ATS   3  ATS   3 
  2  25   0   125  0    70  1    61  3    18  3.0 10  26  1  6.0 16  25  4  4.0 11  25  2  4.0 13  26  3
    SA  WAR  125 WAR  423 WRS  436 WRS  479  2 ATS   4  ATS   2  ATS   3  ATS   3 
  2  25   0   125  0    70  1    61  3    18  3.0 10  26  1  6.0 16  25  4  4.0 11  25  2  4.0 13  26  3
    SA  WAR  125 CTG  423 WRS  436 WRS  479  2 ATS   4  ATS   2  ATS   3  ATS   3 
  2  25   0   125  0    70  1    61  3    18  3.0 10  26  1  6.0 16  25  4  4.0 11  25  2  4.0 13  26  3
    SA  CTG  125 CTG  423 WRS  436 WRS  479  2 ATS   4  ATS   2  ATS   3  ATS   3 
  2  25   0   125  0    70  1    61  3    18  3.0 10  26  1  6.0 16  25  4  4.0 11  25  2  4.0 13  26  3
    SA  CTG  500 WRS  633 WRS  436 WRS  479  2 ATS   4  ATS   2  ATS   3  ATS   3 
  2  25   0   125  0    70  1    61  3    18  3.0 10  26  1  6.0 16  25  4  4.0 11  25  2  4.0 13  26  3
   ANR  CTG  500 WRS  633 WRS  436 WRS  479  3 ATS   1  ATS   5  ATS   5  ATS   3 
  3  25   -  ----  -  ----  -  ----  -  ---- 14.0 --  --  -  2.8 --  --  -  2.8 --  --  -  4.7 --  --  -
   ANR  WRS  500 WRS  633 WRS  436 WRS  479  3 ATS   1  ATS   5  ATS   5  ATS   3 
  3  25   -  ----  -  ----  -  ----  -  ---- 14.0 --  --  -  2.8 --  --  -  2.8 --  --  -  4.7 --  --  -
   ANR  WRS  500 WRS  633 WRS  436 WRS  479  3 ATS   1  ATP   5  ATS   5  ATS   3 
  3  25   -  ----  -  ----  -  ----  -  ---- 14.0 --  --  -  2.8 --  --  -  2.8 --  --  -  4.7 --  --  -
   ANR  WRS  500 WRS  633 WRS  436 WRS  479  3 ATS   1  ATP   5  ATS   5  ATP   3 
  3  25   -  ----  -  ----  -  ----  -  ---- 14.0 --  --  -  2.8 --  --  -  2.8 --  --  -  4.7 --  --  -
   ANR  WRS  500 WRS  633 WRS  436 WRS  479  3 ATP   1  ATP   5  ATS   5  ATP   3 
  3  25   -  ----  -  ----  -  ----  -  ---- 14.0 --  --  -  2.8 --  --  -  2.8 --  --  -  4.7 --  --  -
   ANR  WRS  500 WRS  633 WRS  436 WRS  479  3 ATP   1  ATP   5  ATP   5  ATP   3 
  3  25   -  ----  -  ----  -  ----  -  ---- 14.0 --  --  -  2.8 --  --  -  2.8 --  --  -  4.7 --  --  -
   ANR  WRS  500 WRS  633 ATH  436 WRS  479  3 ATP   1  ATP   5  ATP   5  ATP   3 
  3  25   -  ----  -  ----  -  ----  -  ---- 14.0 --  --  -  2.8 --  --  -  2.8 --  --  -  4.7 --  --  -
   ANR  ATH  500 WRS  633 ATH  436 WRS  479  3 ATP   1  ATP   5  ATP   5  ATP   3 
  3  25   -  ----  -  ----  -  ----  -  ---- 14.0 --  --  -  2.8 --  --  -  2.8 --  --  -  4.7 --  --  -
   ANR  ATH  500 ATH  633 ATH  436 WRS  479  3 ATP   1  ATP   5  ATP   5  ATP   3 
  3  25   -  ----  -  ----  -  ----  -  ---- 14.0 --  --  -  2.8 --  --  -  2.8 --  --  -  4.7 --  --  -
   ANR  ATH  500 ATH  633 ATH  436 ATH  479  3 ATP   1  ATP   5  ATP   5  ATP   3 
  3  25   -  ----  -  ----  -  ----  -  ---- 14.0 --  --  -  2.8 --  --  -  2.8 --  --  -  4.7 --  --  -
   WFB  ATH  500 ATH  633 ATH  436 ATH  479  3 ATP   1  ATP   5  ATP   5  ATP   3 
  3  25   -  ----  -  ----  -  ----  -  ---- 14.0 --  --  -  2.8 --  --  -  2.8 --  --  -  4.7 --  --  -
   WFB  ATH  500 ATH  633 ATH  436 ATH  479  3 ATP   1  ATP   5  ASL   5  ATP   3 
  3  25   -  ----  -  ----  -  ----  -  ---- 14.0 --  --  -  2.8 --  --  -  2.8  0   0  -  4.7 --  --  -
   WFB  ATH  500 ATH  633 ATH  436 ATH  479  3 ATP   1  ASL   5  ASL   5  ATP   3 
  3  25   -  ----  -  ----  -  ----  -  ---- 14.0 --  --  -  2.8  0   0  -  2.8  0   0  -  4.7 --  --  -
   WFB  ATH  500 ATH  633 PAB  436 ATH  479  3 ATP   1  ASL   5  ASL   5  ATP   3 
  3  25   -  ----  -  ----  -  ----  -  ---- 14.0 --  --  -  2.8  0   0  -  2.8  0   0  -  4.7 --  --  -
   WFB  ATH  500 ATH  633 PAB  436 ATH  479  3 ATP   1  ASL   5  ASL   5  ASL   3 
  3  25   -  ----  -  ----  -  ----  -  ---- 14.0 --  --  -  2.8  0   0  -  2.8  0   0  -  4.7  0   0  -
   WFB  PAB  500 ATH  633 PAB  436 ATH  479  3 ATP   1  ASL   5  ASL   5  ASL   3 
  3  25   -  ----  -  ----  -  ----  -  ---- 14.0 --  --  -  2.8  0   0  -  2.8  0   0  -  4.7  0   0  -
   WFB  PAB  500 ATH  633 PAB  436 ATH  479  3 ASL   1  ASL   5  ASL   5  ASL   3 
  3  25   -  ----  -  ----  -  ----  -  ---- 14.0  0   0  -  2.8  0   0  -  2.8  0   0  -  4.7  0   0  -
   WFB  PAB  500 PAB  633 PAB  436 ATH  479  3 ASL   1  ASL   5  ASL   5  ASL   3 
  3  25   -  ----  -  ----  -  ----  -  ---- 14.0  0   0  -  2.8  0   0  -  2.8  0   0  -  4.7  0   0  -
   WFB  PAB  500 PAB  633 PAB  436 PAB  479  3 ASL   1  ASL   5  ASL   5  ASL   3 
  3  25   -  ----  -  ----  -  ----  -  ---- 14.0  0   0  -  2.8  0   0  -  2.8  0   0  -  4.7  0   0  -
   WFB  PAB  500 PAB  633 PAB  432 PAB  479  3 ASL   1  ASL   5  ASL   5  ASL   3 
  3  25   -  ----  -  ----  0     4  -  ---- 14.0  0   0  -  2.8  0   0  -  2.8  0   0  -  4.7  0   0  -
   WFB  PAB  250 PAB  633 PAB  432 PAB  479  3 ASL   1  ASL   5  ASL   5  ASL   3 
  3  25   2   250  -  ----  0     4  -  ---- 14.0  0   0  -  2.8  0   0  -  2.8  0   0  -  4.7  0   0  -
   WFB  PAB  250 PAB  519 PAB  432 PAB  479  3 ASL   1  ASL   5  ASL   5  ASL   3 
  3  25   2   250  2   114  0     4  -  ---- 14.0  0   0  -  2.8  0   0  -  2.8  0   0  -  4.7  0   0  -
   WFB  PAB  250 PAB  519 WAR  432 PAB  479  3 ASL   1  ASL   5  ASL   5  ASL   3 
  3  25   2   250  2   114  0     4  -  ---- 14.0  0   0  -  2.8  0   0  -  2.8  0   0  -  4.7  0   0  -
   WFB  WAR  250 PAB  519 WAR  432 PAB  479  3 ASL   1  ASL   5  ASL   5  ASL   3 
  3  25   2   250  2   114  0     4  -  ---- 14.0  0   0  -  2.8  0   0  -  2.8  0   0  -  4.7  0   0  -
   WFB  WAR  250 PAB  519 WAR  432 PAB  406  3 ASL   1  ASL   5  ASL   5  ASL   3 
  3  25   2   250  2   114  0     4  0    73 14.0  0   0  -  2.8  0   0  -  2.8  0   0  -  4.7  0   0  -
   WFB  WAR  250 WAR  519 WAR  432 PAB  406  3 ASL   1  ASL   5  ASL   5  ASL   3 
  3  25   2   250  2   114  0     4  0    73 14.0  0   0  -  2.8  0   0  -  2.8  0   0  -  4.7  0   0  -
   WFB  WAR  250 WAR  519 WAR  432 WAR  406  3 ASL   1  ASL   5  ASL   5  ASL   3 
  3  25   2   250  2   114  0     4  0    73 14.0  0   0  -  2.8  0   0  -  2.8  0   0  -  4.7  0   0  -
   STR  WAR  250 WAR  519 WAR  432 WAR  406  3 ASL   1  ASL   5  ASL   5  ASL   3 
  3  25   2   250  2   114  0     4  0    73 14.0  0   0  -  2.8  0   0  -  2.8  0   0  -  4.7  0   0  -
   STR  WAR  250 WAR  519 WAR  432 WAR  406  3 RUN   1  ASL   5  ASL   5  ASL   3 
  3  25   2   250  2   114  0     4  0    73 14.0  1   1  -  2.8  0   0  -  2.8  0   0  -  4.7  0   0  -
   STR  WAR  250 WAR  519 WAR  432 WAR  406  3 RUN   1  RUN   5  ASL   5  ASL   3 
  3  25   2   250  2   114  0     4  0    73 14.0  1   1  -  2.8  1   1  -  2.8  0   0  -  4.7  0   0  -
   STR  WAR  250 WAR  519 WAR  432 WAR  406  3 RUN   1  RUN   5  RUN   5  ASL   3 
  3  25   2   250  2   114  0     4  0    73 14.0  1   1  -  2.8  1   1  -  2.8  1   4  -  4.7  0   0  -
   STR  WAR  250 WAR  519 WAR  432 WAR  406  3 RUN   1  RUN   5  RUN   5  RUN   3 
  3  25   2   250  2   114  0     4  0    73 14.0  1   1  -  2.8  1   1  -  2.8  1   4  -  4.7  1   1  -
   STR  WAR  250 WAR  519 WAR  432 WAR  406  3 RUN   1  RUN   5  RUN   5  RUN   3 
  3  25   2   250  2   114  0     4  0    73 14.0  2   2  -  2.8  1   1  -  2.8  1   4  -  4.7  1   1  -
   STR  WAR  250 WAR  519 WAR  432 WAR  406  3 RUN   1  RUN   5  RUN   5  RUN   3 
  3  25   2   250  2   114  0     4  0    73 14.0  2   2  -  2.8  2   2  -  2.8  1   4  -  4.7  1   1  -
   STR  WAR  250 WAR  519 WAR  432 WAR  406  3 RUN   1  RUN   5  RUN   5  RUN   3 
  3  25   2   250  2   114  0     4  0    73 14.0  2   2  -  2.8  2   2  -  2.8  2   8  -  4.7  1   1  -
   STR  WAR  250 WAR  519 WAR  432 WAR  406  3 RUN   1  RUN   5  RUN   5  RUN   3 
  3  25   2   250  2   114  0     4  0    73 14.0  2   2  -  2.8  2   2  -  2.8  2   8  -  4.7  2   3  -
   STR  WAR  250 WAR  519 WAR  432 WAR  406  3 RUN   1  RUN   5  RUN   5  RUN   3 
  3  25   2   250  2   114  0     4  0    73 14.0  3   3  -  2.8  2   2  -  2.8  2   8  -  4.7  2   3  -
   STR  WAR  250 WAR  519 WAR  432 WAR  406  3 RUN   1  RUN   5  RUN   5  RUN   3 
  3  25   2   250  2   114  0     4  0    73 14.0  3   3  -  2.8  3   5  -  2.8  2   8  -  4.7  2   3  -
   STR  WAR  250 WAR  519 WAR  432 WAR  406  3 RUN   1  RUN   5  RUN   5  RUN   3 
  3  25   2   250  2   114  0     4  0    73 14.0  3   3  -  2.8  3   5  -  2.8  3  11  -  4.7  2   3  -
   STR  WAR  250 WAR  519 WAR  432 WAR  406  3 RUN   1  RUN   5  RUN   5  RUN   3 
  3  25   2   250  2   114  0     4  0    73 14.0  3   3  -  2.8  3   5  -  2.8  3  11  -  4.7  3   4  -
   STR  WAR  250 WAR  519 WAR  432 WAR  406  3 RUN   1  RUN   5  RUN   5  RUN   3 
  3  25   2   250  2   114  0     4  0    73 14.0  4   4  -  2.8  3   5  -  2.8  3  11  -  4.7  3   4  -
   STR  WAR  250 WAR  519 WAR  432 WAR  406  3 RUN   1  RUN   5  RUN   5  RUN   3 
  3  25   2   250  2   114  0     4  0    73 14.0  4   4  -  2.8  4  10  -  2.8  3  11  -  4.7  3   4  -
   STR  WAR  250 WAR  519 WAR  432 WAR  406  3 RUN   1  RUN   5  RUN   5  RUN   3 
  3  25   2   250  2   114  0     4  0    73 14.0  4   4  -  2.8  4  10  -  2.8  4  15  -  4.7  3   4  -
   STR  WAR  250 WAR  519 WAR  432 WAR  406  3 RUN   1  RUN   5  RUN   5  RUN   3 
  3  25   2   250  2   114  0     4  0    73 14.0  4   4  -  2.8  4  10  -  2.8  4  15  -  4.7  4   7  -
   STR  WAR  250 WAR  519 WAR  432 WAR  406  3 RUN   1  RUN   5  RUN   5  RUN   3 
  3  25   2   250  2   114  0     4  0    73 14.0  5   5  -  2.8  4  10  -  2.8  4  15  -  4.7  4   7  -
   STR  WAR  250 WAR  519 WAR  432 WAR  406  3 RUN   1  RUN   5  RUN   5  RUN   3 
  3  25   2   250  2   114  0     4  0    73 14.0  5   5  -  2.8  5  12  -  2.8  4  15  -  4.7  4   7  -
   STR  WAR  250 WAR  519 WAR  432 WAR  406  3 RUN   1  RUN   5  RUN   5  RUN   3 
  3  25   2   250  2   114  0     4  0    73 14.0  5   5  -  2.8  5  12  -  2.8  5  18  -  4.7  4   7  -
   STR  WAR  250 WAR  519 WAR  432 WAR  406  3 RUN   1  RUN   5  RUN   5  RUN   3 
  3  25   2   250  2   114  0     4  0    73 14.0  5   5  -  2.8  5  12  -  2.8  5  18  -  4.7  5   8  -
   STR  WAR  250 WAR  519 WAR  432 WAR  406  3 RUN   1  RUN   5  RUN   5  RUN   3 
  3  25   2   250  2   114  0     4  0    73 14.0  6   6  -  2.8  5  12  -  2.8  5  18  -  4.7  5   8  -
   STR  WAR  250 WAR  519 WAR  432 WAR  406  3 RUN   1  RUN   5  RUN   5  RUN   3 
  3  25   2   250  2   114  0     4  0    73 14.0  6   6  -  2.8  6  16  -  2.8  5  18  -  4.7  5   8  -
   STR  WAR  250 WAR  519 WAR  432 WAR  406  3 RUN   1  RUN   5  RUN   5  RUN   3 
  3  25   2   250  2   114  0     4  0    73 14.0  6   6  -  2.8  6  16  -  2.8  6  19  -  4.7  5   8  -
   STR  WAR  250 WAR  519 WAR  432 WAR  406  3 RUN   1  RUN   5  RUN   5  RUN   3 
  3  25   2   250  2   114  0     4  0    73 14.0  6   6  -  2.8  6  16  -  2.8  6  19  -  4.7  6   9  -
   STR  WAR  250 WAR  519 WAR  432 WAR  406  3 RUN   1  RUN   5  RUN   5  RUN   3 
  3  25   2   250  2   114  0     4  0    73 14.0  7   7  -  2.8  6  16  -  2.8  6  19  -  4.7  6   9  -
   STR  WAR  250 WAR  519 WAR  432 WAR  406  3 RUN   1  RUN   5  RUN   5  RUN   3 
  3  25   2   250  2   114  0     4  0    73 14.0  7   7  -  2.8  7  18  -  2.8  6  19  -  4.7  6   9  -
   STR  WAR  250 WAR  519 WAR  432 WAR  406  3 RUN   1  RUN   5  RUN   5  RUN   3 
  3  25   2   250  2   114  0     4  0    73 14.0  7   7  -  2.8  7  18  -  2.8  7  24  -  4.7  6   9  -
   STR  WAR  250 WAR  519 WAR  432 WAR  406  3 RUN   1  RUN   5  RUN   5  RUN   3 
  3  25   2   250  2   114  0     4  0    73 14.0  7   7  -  2.8  7  18  -  2.8  7  24  -  4.7  7  12  -
   STR  WAR  250 WAR  519 WAR  432 WAR  406  3 RUN   1  RUN   5  RUN   5  RUN   3 
  3  25   2   250  2   114  0     4  0    73 14.0  8   8  -  2.8  7  18  -  2.8  7  24  -  4.7  7  12  -
   STR  WAR  250 WAR  519 WAR  432 WAR  406  3 RUN   1  RUN   5  RUN   5  RUN   3 
  3  25   2   250  2   114  0     4  0    73 14.0  8   8  -  2.8  8  23  -  2.8  7  24  -  4.7  7  12  -
   STR  WAR  250 WAR  519 WAR  432 WAR  406  3 RUN   1  RUN   5  RUN   5  RUN   3 
  3  25   2   250  2   114  0     4  0    73 14.0  8   8  -  2.8  8  23  -  2.8  8  25  -  4.7  7  12  -
   STR  WAR  250 WAR  519 WAR  432 WAR  406  3 RUN   1  RUN   5  RUN   5  RUN   3 
  3  25   2   250  2   114  0     4  0    73 14.0  8   8  -  2.8  8  23  -  2.8  8  25  -  4.7  8  15  -
   STR  WAR  250 WAR  519 WAR  432 WAR  406  3 RUN   1  RUN   5  RUN   5  RUN   3 
  3  25   2   250  2   114  0     4  0    73 14.0  9   9  -  2.8  8  23  -  2.8  8  25  -  4.7  8  15  -
   STR  WAR  250 WAR  519 WAR  432 WAR  406  3 RUN   1  RUN   5  RUN   5  RUN   3 
  3  25   2   250  2   114  0     4  0    73 14.0  9   9  -  2.8  9  25  -  2.8  8  25  -  4.7  8  15  -
   STR  WAR  250 WAR  519 WAR  432 WAR  406  3 RUN   1  RUN   5  AFL   5  RUN   3 
  3  25   2   250  2   114  0     4  0    73 14.0  9   9  -  2.8  9  25  -  2.8  8  25  -  4.7  8  15  -
   STR  WAR  250 WAR  519 WAR  432 WAR  406  3 RUN   1  RUN   5  AFL   5  RUN   3 
  3  25   2   250  2   114  0     4  0    73 14.0  9   9  -  2.8  9  25  -  2.8  8  25  -  4.7  9  17  -
   STR  WAR  250 WAR  519 WAR  432 WAR  406  3 RUN   1  RUN   5  ATS   5  RUN   3 
  3  25   2   250  2   114  0     4  0    73 14.0  9   9  -  2.8  9  25  -  2.8  8  25  -  4.7  9  17  -
   STR  WAR  250 WAR  519 WAR  432 WAR  406  3 RUN   1  RUN   5  ATS   5  RUN   3 
  3  25   2   250  2   114  0     4  0    73 14.0 10  10  -  2.8  9  25  -  2.8  8  25  -  4.7  9  17  -
   STR  WAR  250 WAR  519 WAR  432 WAR  406  3 RUN   1  AFL   5  ATS   5  RUN   3 
  3  25   2   250  2   114  0     4  0    73 14.0 10  10  -  2.8  9  25  -  2.8  8  25  -  4.7  9  17  -
   STR  WAR  250 WAR  519 WAR  432 WAR  406  3 RUN   1  AFL   5  ATS   5  RUN   3 
  3  25   2   250  2   114  0     4  0    73 14.0 10  10  -  2.8  9  25  -  2.8  8  25  -  4.7 10  20  -
   STR  WAR  250 WAR  519 WAR  432 WAR  406  3 RUN   1  ATS   5  ATS   5  RUN   3 
  3  25   2   250  2   114  0     4  0    73 14.0 10  10  -  2.8  9  25  -  2.8  8  25  -  4.7 10  20  -
   STR  WAR  250 WAR  519 WAR  432 WAR  406  3 RUN   1  ATS   5  ATS   5  RUN   3 
  3  25   2   250  2   114  0     4  0    73 14.0 11  11  -  2.8  9  25  -  2.8  8  25  -  4.7 10  20  -
   STR  WAR  250 WAR  519 WAR  432 WAR  406  3 RUN   1  ATS   5  ATS   5  RUN   3 
  3  25   2   250  2   114  0     4  0    73 14.0 11  11  -  2.8  9  25  -  2.8  8  25  -  4.7 11  21  -
   STR  WAR  250 WAR  519 WAR  432 WAR  406  3 RUN   1  ATS   5  ATS   5  RUN   3 
  3  25   2   250  2   114  0     4  0    73 14.0 12  12  -  2.8  9  25  -  2.8  8  25  -  4.7 11  21  -
   STR  WAR  250 WAR  519 WAR  432 WAR  406  3 RUN   1  ATS   5  ATS   5  RUN   3 
  3  25   2   250  2   114  0     4  0    73 14.0 12  12  -  2.8  9  25  -  2.8  8  25  -  4.7 12  24  -
   STR  WAR  250 WAR  519 WAR  432 WAR  406  3 RUN   1  ATS   5  ATS   5  RUN   3 
  3  25   2   250  2   114  0     4  0    73 14.0 13  13  -  2.8  9  25  -  2.8  8  25  -  4.7 12  24  -
   STR  WAR  250 WAR  519 WAR  432 WAR  406  3 RUN   1  ATS   5  ATS   5  RUN   3 
  3  25   2   250  2   114  0     4  0    73 14.0 13  13  -  2.8  9  25  -  2.8  8  25  -  4.7 13  25  -
   STR  WAR  250 WAR  519 WAR  432 WAR  406  3 RUN   1  ATS   5  ATS   5  RUN   3 
  3  25   2   250  2   114  0     4  0    73 14.0 14  14  -  2.8  9  25  -  2.8  8  25  -  4.7 13  25  -
   STR  WAR  250 WAR  519 WAR  432 WAR  406  3 RUN   1  ATS   5  ATS   5  AFL   3 
  3  25   2   250  2   114  0     4  0    73 14.0 14  14  -  2.8  9  25  -  2.8  8  25  -  4.7 13  25  -
   STR  WAR  250 WAR  519 WAR  432 WAR  406  3 RUN   1  ATS   5  ATS   5  AFL   3 
  3  25   2   250  2   114  0     4  0    73 14.0 15  15  -  2.8  9  25  -  2.8  8  25  -  4.7 13  25  -
   STR  WAR  250 WAR  519 WAR  432 WAR  406  3 RUN   1  ATS   5  ATS   5  ATS   3 
  3  25   2   250  2   114  0     4  0    73 14.0 15  15  -  2.8  9  25  -  2.8  8  25  -  4.7 13  25  -
   STR  WAR  250 WAR  519 WAR  432 WAR  406  3 RUN   1  ATS   5  ATS   5  ATS   3 
  3  25   2   250  2   114  0     4  0    73 14.0 16  16  -  2.8  9  25  -  2.8  8  25  -  4.7 13  25  -
   STR  WAR  250 WAR  519 WAR  432 WAR  406  3 RUN   1  ATS   5  ATS   5  ATS   3 
  3  25   2   250  2   114  0     4  0    73 14.0 17  17  -  2.8  9  25  -  2.8  8  25  -  4.7 13  25  -
   STR  WAR  250 WAR  519 WAR  432 WAR  406  3 RUN   1  ATS   5  ATS   5  ATS   3 
  3  25   2   250  2   114  0     4  0    73 14.0 18  18  -  2.8  9  25  -  2.8  8  25  -  4.7 13  25  -
   STR  WAR  250 WAR  519 WAR  432 WAR  406  3 RUN   1  ATS   5  ATS   5  ATS   3 
  3  25   2   250  2   114  0     4  0    73 14.0 19  19  -  2.8  9  25  -  2.8  8  25  -  4.7 13  25  -
   STR  WAR  250 WAR  519 WAR  432 WAR  406  3 RUN   1  ATS   5  ATS   5  ATS   3 
  3  25   2   250  2   114  0     4  0    73 14.0 20  20  -  2.8  9  25  -  2.8  8  25  -  4.7 13  25  -
   STR  WAR  250 WAR  519 WAR  432 WAR  406  3 RUN   1  ATS   5  ATS   5  ATS   3 
  3  25   2   250  2   114  0     4  0    73 14.0 21  21  -  2.8  9  25  -  2.8  8  25  -  4.7 13  25  -
   STR  WAR  250 WAR  519 WAR  432 WAR  406  3 RUN   1  ATS   5  ATS   5  ATS   3 
  3  25   2   250  2   114  0     4  0    73 14.0 22  22  -  2.8  9  25  -  2.8  8  25  -  4.7 13  25  -
   STR  WAR  250 WAR  519 WAR  432 WAR  406  3 RUN   1  ATS   5  ATS   5  ATS   3 
  3  25   2   250  2   114  0     4  0    73 14.0 23  23  -  2.8  9  25  -  2.8  8  25  -  4.7 13  25  -
   STR  WAR  250 WAR  519 WAR  432 WAR  406  3 RUN   1  ATS   5  ATS   5  ATS   3 
  3  25   2   250  2   114  0     4  0    73 14.0 24  24  -  2.8  9  25  -  2.8  8  25  -  4.7 13  25  -
   STR  WAR  250 WAR  519 WAR  432 WAR  406  3 RUN   1  ATS   5  ATS   5  ATS   3 
  3  25   2   250  2   114  0     4  0    73 14.0 25  25  -  2.8  9  25  -  2.8  8  25  -  4.7 13  25  -
   STR  WAR  250 WAR  519 WAR  432 WAR  406  3 AFL   1  ATS   5  ATS   5  ATS   3 
  3  25   2   250  2   114  0     4  0    73 14.0 25  25  -  2.8  9  25  -  2.8  8  25  -  4.7 13  25  -
   STR  WAR  250 WAR  519 WAR  432 WAR  406  3 AFL   1  ATS   5  ATS   5  ATS   3 
  3  25   2   250  2   114  0     4  0    73 14.0 25  25  4  2.8  9  25  2  2.8  8  25  1  4.7 13  25  3
   STR  WAR  250 WAR  519 WAR  432 WAR  406  3 ATS   1  ATS   5  ATS   5  ATS   3 
  3  25   2   250  2   114  0     4  0    73 14.0 25  25  4  2.8  9  25  2  2.8  8  25  1  4.7 13  25  3
    SA  WAR  250 WAR  519 WAR  432 WAR  406  3 ATS   1  ATS   5  ATS   5  ATS   3 
  3  25   2   250  2   114  0     4  0    73 14.0 25  25  4  2.8  9  25  2  2.8  8  25  1  4.7 13  25  3
    SA  WAR  250 WAR  519 WRS  432 WAR  406  3 ATS   1  ATS   5  ATS   5  ATS   3 
  3  25   2   250  2   114  0     4  0    73 14.0 25  25  4  2.8  9  25  2  2.8  8  25  1  4.7 13  25  3
    SA  WAR  250 WAR  519 WRS  432 WRS  406  3 ATS   1  ATS   5  ATS   5  ATS   3 
  3  25   2   250  2   114  0     4  0    73 14.0 25  25  4  2.8  9  25  2  2.8  8  25  1  4.7 13  25  3
    SA  WAR  250 CTG  519 WRS  432 WRS  406  3 ATS   1  ATS   5  ATS   5  ATS   3 
  3  25   2   250  2   114  0     4  0    73 14.0 25  25  4  2.8  9  25  2  2.8  8  25  1  4.7 13  25  3
    SA  CTG  250 CTG  519 WRS  432 WRS  406  3 ATS   1  ATS   5  ATS   5  ATS   3 
  3  25   2   250  2   114  0     4  0    73 14.0 25  25  4  2.8  9  25  2  2.8  8  25  1  4.7 13  25  3
    SA  CTG  950 WRS  838 WRS  432 WRS  406  3 ATS   1  ATS   5  ATS   5  ATS   3 
  3  25   2   250  2   114  0     4  0    73 14.0 25  25  4  2.8  9  25  2  2.8  8  25  1  4.7 13  25  3
   ANR  CTG  950 WRS  838 WRS  432 WRS  406  4 ATS   2  ATS   4  ATS   2  ATS   1 
  4  25   -  ----  -  ----  -  ----  -  ----  4.5 --  --  -  2.3 --  --  -  4.5 --  --  -  9.0 --  --  -
   ANR  WRS  950 WRS  838 WRS  432 WRS  406  4 ATS   2  ATS   4  ATS   2  ATS   1 
  4  25   -  ----  -  ----  -  ----  -  ----  4.5 --  --  -  2.3 --  --  -  4.5 --  --  -  9.0 --  --  -
   ANR  WRS  950 WRS  838 WRS  432 WRS  406  4 ATS   2  ATP   4  ATS   2  ATS   1 
  4  25   -  ----  -  ----  -  ----  -  ----  4.5 --  --  -  2.3 --  --  -  4.5 --  --  -  9.0 --  --  -
   ANR  WRS  950 WRS  838 WRS  432 WRS  406  4 ATS   2  ATP   4  ATP   2  ATS   1 
  4  25   -  ----  -  ----  -  ----  -  ----  4.5 --  --  -  2.3 --  --  -  4.5 --  --  -  9.0 --  --  -
   ANR  WRS  950 WRS  838 WRS  432 WRS  406  4 ATP   2  ATP   4  ATP   2  ATS   1 
  4  25   -  ----  -  ----  -  ----  -  ----  4.5 --  --  -  2.3 --  --  -  4.5 --  --  -  9.0 --  --  -
   ANR  WRS  950 WRS  838 WRS  432 WRS  406  4 ATP   2  ATP   4  ATP   2  ATP   1 
  4  25   -  ----  -  ----  -  ----  -  ----  4.5 --  --  -  2.3 --  --  -  4.5 --  --  -  9.0 --  --  -
   ANR  WRS  950 WRS  838 ATH  432 WRS  406  4 ATP   2  ATP   4  ATP   2  ATP   1 
  4  25   -  ----  -  ----  -  ----  -  ----  4.5 --  --  -  2.3 --  --  -  4.5 --  --  -  9.0 --  --  -
   ANR  WRS  950 ATH  838 ATH  432 WRS  406  4 ATP   2  ATP   4  ATP   2  ATP   1 
  4  25   -  ----  -  ----  -  ----  -  ----  4.5 --  --  -  2.3 --  --  -  4.5 --  --  -  9.0 --  --  -
   ANR  WRS  950 ATH  838 ATH  432 ATH  406  4 ATP   2  ATP   4  ATP   2  ATP   1 
  4  25   -  ----  -  ----  -  ----  -  ----  4.5 --  --  -  2.3 --  --  -  4.5 --  --  -  9.0 --  --  -
   ANR  ATH  950 ATH  838 ATH  432 ATH  406  4 ATP   2  ATP   4  ATP   2  ATP   1 
  4  25   -  ----  -  ----  -  ----  -  ----  4.5 --  --  -  2.3 --  --  -  4.5 --  --  -  9.0 --  --  -
   WFB  ATH  950 ATH  838 ATH  432 ATH  406  4 ATP   2  ATP   4  ATP   2  ATP   1 
  4  25   -  ----  -  ----  -  ----  -  ----  4.5 --  --  -  2.3 --  --  -  4.5 --  --  -  9.0 --  --  -
   WFB  ATH  950 ATH  838 ATH  432 ATH  406  4 ATP   2  ATP   4  ASL   2  ATP   1 
  4  25   -  ----  -  ----  -  ----  -  ----  4.5 --  --  -  2.3 --  --  -  4.5  0   0  -  9.0 --  --  -
   WFB  ATH  950 ATH  838 ATH  432 ATH  406  4 ASL   2  ATP   4  ASL   2  ATP   1 
  4  25   -  ----  -  ----  -  ----  -  ----  4.5  0   0  -  2.3 --  --  -  4.5  0   0  -  9.0 --  --  -
   WFB  ATH  950 PAB  838 ATH  432 ATH  406  4 ASL   2  ATP   4  ASL   2  ATP   1 
  4  25   -  ----  -  ----  -  ----  -  ----  4.5  0   0  -  2.3 --  --  -  4.5  0   0  -  9.0 --  --  -
   WFB  ATH  950 PAB  838 ATH  432 ATH  406  4 ASL   2  ATP   4  ASL   2  ASL   1 
  4  25   -  ----  -  ----  -  ----  -  ----  4.5  0   0  -  2.3 --  --  -  4.5  0   0  -  9.0  0   0  -
   WFB  ATH  950 PAB  838 PAB  432 ATH  406  4 ASL   2  ATP   4  ASL   2  ASL   1 
  4  25   -  ----  -  ----  -  ----  -  ----  4.5  0   0  -  2.3 --  --  -  4.5  0   0  -  9.0  0   0  -
   WFB  ATH  950 PAB  838 PAB  432 ATH  406  4 ASL   2  ASL   4  ASL   2  ASL   1 
  4  25   -  ----  -  ----  -  ----  -  ----  4.5  0   0  -  2.3  0   0  -  4.5  0   0  -  9.0  0   0  -
   WFB  ATH  950 PAB  838 PAB  432 PAB  406  4 ASL   2  ASL   4  ASL   2  ASL   1 
  4  25   -  ----  -  ----  -  ----  -  ----  4.5  0   0  -  2.3  0   0  -  4.5  0   0  -  9.0  0   0  -
   WFB  PAB  950 PAB  838 PAB  432 PAB  406  4 ASL   2  ASL   4  ASL   2  ASL   1 
  4  25   -  ----  -  ----  -  ----  -  ----  4.5  0   0  -  2.3  0   0  -  4.5  0   0  -  9.0  0   0  -
   WFB  PAB  950 PAB  786 PAB  432 PAB  406  4 ASL   2  ASL   4  ASL   2  ASL   1 
  4  25   -  ----  1    52  -  ----  -  ----  4.5  0   0  -  2.3  0   0  -  4.5  0   0  -  9.0  0   0  -
   WFB  PAB  950 PAB  786 PAB  412 PAB  406  4 ASL   2  ASL   4  ASL   2  ASL   1 
  4  25   -  ----  1    52  3    20  -  ----  4.5  0   0  -  2.3  0   0  -  4.5  0   0  -  9.0  0   0  -
   WFB  PAB  950 WAR  786 PAB  412 PAB  406  4 ASL   2  ASL   4  ASL   2  ASL   1 
  4  25   -  ----  1    52  3    20  -  ----  4.5  0   0  -  2.3  0   0  -  4.5  0   0  -  9.0  0   0  -
   WFB  PAB  950 WAR  786 PAB  412 PAB  328  4 ASL   2  ASL   4  ASL   2  ASL   1 
  4  25   -  ----  1    52  3    20  1    78  4.5  0   0  -  2.3  0   0  -  4.5  0   0  -  9.0  0   0  -
   WFB  PAB  475 WAR  786 PAB  412 PAB  328  4 ASL   2  ASL   4  ASL   2  ASL   1 
  4  25   1   475  1    52  3    20  1    78  4.5  0   0  -  2.3  0   0  -  4.5  0   0  -  9.0  0   0  -
   WFB  PAB  475 WAR  786 WAR  412 PAB  328  4 ASL   2  ASL   4  ASL   2  ASL   1 
  4  25   1   475  1    52  3    20  1    78  4.5  0   0  -  2.3  0   0  -  4.5  0   0  -  9.0  0   0  -
   WFB  PAB  475 WAR  786 WAR  412 WAR  328  4 ASL   2  ASL   4  ASL   2  ASL   1 
  4  25   1   475  1    52  3    20  1    78  4.5  0   0  -  2.3  0   0  -  4.5  0   0  -  9.0  0   0  -
   STR  PAB  475 WAR  786 WAR  412 WAR  328  4 ASL   2  ASL   4  ASL   2  ASL   1 
  4  25   1   475  1    52  3    20  1    78  4.5  0   0  -  2.3  0   0  -  4.5  0   0  -  9.0  0   0  -
   STR  WAR  475 WAR  786 WAR  412 WAR  328  4 ASL   2  ASL   4  ASL   2  ASL   1 
  4  25   1   475  1    52  3    20  1    78  4.5  0   0  -  2.3  0   0  -  4.5  0   0  -  9.0  0   0  -
   STR  WAR  475 WAR  786 WAR  412 WAR  328  4 RUN   2  ASL   4  ASL   2  ASL   1 
  4  25   1   475  1    52  3    20  1    78  4.5  1   1  -  2.3  0   0  -  4.5  0   0  -  9.0  0   0  -
   STR  WAR  475 WAR  786 WAR  412 WAR  328  4 RUN   2  RUN   4  ASL   2  ASL   1 
  4  25   1   475  1    52  3    20  1    78  4.5  1   1  -  2.3  1   3  -  4.5  0   0  -  9.0  0   0  -
   STR  WAR  475 WAR  786 WAR  412 WAR  328  4 RUN   2  RUN   4  RUN   2  ASL   1 
  4  25   1   475  1    52  3    20  1    78  4.5  1   1  -  2.3  1   3  -  4.5  1   1  -  9.0  0   0  -
   STR  WAR  475 WAR  786 WAR  412 WAR  328  4 RUN   2  RUN   4  RUN   2  RUN   1 
  4  25   1   475  1    52  3    20  1    78  4.5  1   1  -  2.3  1   3  -  4.5  1   1  -  9.0  1   1  -
   STR  WAR  475 WAR  786 WAR  412 WAR  328  4 RUN   2  RUN   4  RUN   2  RUN   1 
  4  25   1   475  1    52  3    20  1    78  4.5  2   2  -  2.3  1   3  -  4.5  1   1  -  9.0  1   1  -
   STR  WAR  475 WAR  786 WAR  412 WAR  328  4 RUN   2  RUN   4  RUN   2  RUN   1 
  4  25   1   475  1    52  3    20  1    78  4.5  2   2  -  2.3  2   6  -  4.5  1   1  -  9.0  1   1  -
   STR  WAR  475 WAR  786 WAR  412 WAR  328  4 RUN   2  RUN   4  RUN   2  RUN   1 
  4  25   1   475  1    52  3    20  1    78  4.5  2   2  -  2.3  2   6  -  4.5  2   2  -  9.0  1   1  -
   STR  WAR  475 WAR  786 WAR  412 WAR  328  4 RUN   2  RUN   4  RUN   2  RUN   1 
  4  25   1   475  1    52  3    20  1    78  4.5  2   2  -  2.3  2   6  -  4.5  2   2  -  9.0  2   2  -
   STR  WAR  475 WAR  786 WAR  412 WAR  328  4 RUN   2  RUN   4  RUN   2  RUN   1 
  4  25   1   475  1    52  3    20  1    78  4.5  3   4  -  2.3  2   6  -  4.5  2   2  -  9.0  2   2  -
   STR  WAR  475 WAR  786 WAR  412 WAR  328  4 RUN   2  RUN   4  RUN   2  RUN   1 
  4  25   1   475  1    52  3    20  1    78  4.5  3   4  -  2.3  3  10  -  4.5  2   2  -  9.0  2   2  -
   STR  WAR  475 WAR  786 WAR  412 WAR  328  4 RUN   2  RUN   4  RUN   2  RUN   1 
  4  25   1   475  1    52  3    20  1    78  4.5  3   4  -  2.3  3  10  -  4.5  3   3  -  9.0  2   2  -
   STR  WAR  475 WAR  786 WAR  412 WAR  328  4 RUN   2  RUN   4  RUN   2  RUN   1 
  4  25   1   475  1    52  3    20  1    78  4.5  3   4  -  2.3  3  10  -  4.5  3   3  -  9.0  3   3  -
   STR  WAR  475 WAR  786 WAR  412 WAR  328  4 RUN   2  RUN   4  RUN   2  RUN   1 
  4  25   1   475  1    52  3    20  1    78  4.5  4   6  -  2.3  3  10  -  4.5  3   3  -  9.0  3   3  -
   STR  WAR  475 WAR  786 WAR  412 WAR  328  4 RUN   2  RUN   4  RUN   2  RUN   1 
  4  25   1   475  1    52  3    20  1    78  4.5  4   6  -  2.3  4  12  -  4.5  3   3  -  9.0  3   3  -
   STR  WAR  475 WAR  786 WAR  412 WAR  328  4 RUN   2  RUN   4  RUN   2  RUN   1 
  4  25   1   475  1    52  3    20  1    78  4.5  4   6  -  2.3  4  12  -  4.5  4   4  -  9.0  3   3  -
   STR  WAR  475 WAR  786 WAR  412 WAR  328  4 RUN   2  RUN   4  RUN   2  RUN   1 
  4  25   1   475  1    52  3    20  1    78  4.5  4   6  -  2.3  4  12  -  4.5  4   4  -  9.0  4   4  -
   STR  WAR  475 WAR  786 WAR  412 WAR  328  4 RUN   2  RUN   4  RUN   2  RUN   1 
  4  25   1   475  1    52  3    20  1    78  4.5  5   7  -  2.3  4  12  -  4.5  4   4  -  9.0  4   4  -
   STR  WAR  475 WAR  786 WAR  412 WAR  328  4 RUN   2  RUN   4  RUN   2  RUN   1 
  4  25   1   475  1    52  3    20  1    78  4.5  5   7  -  2.3  5  14  -  4.5  4   4  -  9.0  4   4  -
   STR  WAR  475 WAR  786 WAR  412 WAR  328  4 RUN   2  RUN   4  RUN   2  RUN   1 
  4  25   1   475  1    52  3    20  1    78  4.5  5   7  -  2.3  5  14  -  4.5  5   6  -  9.0  4   4  -
   STR  WAR  475 WAR  786 WAR  412 WAR  328  4 RUN   2  RUN   4  RUN   2  RUN   1 
  4  25   1   475  1    52  3    20  1    78  4.5  5   7  -  2.3  5  14  -  4.5  5   6  -  9.0  5   5  -
   STR  WAR  475 WAR  786 WAR  412 WAR  328  4 RUN   2  RUN   4  RUN   2  RUN   1 
  4  25   1   475  1    52  3    20  1    78  4.5  6   8  -  2.3  5  14  -  4.5  5   6  -  9.0  5   5  -
   STR  WAR  475 WAR  786 WAR  412 WAR  328  4 RUN   2  RUN   4  RUN   2  RUN   1 
  4  25   1   475  1    52  3    20  1    78  4.5  6   8  -  2.3  6  18  -  4.5  5   6  -  9.0  5   5  -
   STR  WAR  475 WAR  786 WAR  412 WAR  328  4 RUN   2  RUN   4  RUN   2  RUN   1 
  4  25   1   475  1    52  3    20  1    78  4.5  6   8  -  2.3  6  18  -  4.5  6   8  -  9.0  5   5  -
   STR  WAR  475 WAR  786 WAR  412 WAR  328  4 RUN   2  RUN   4  RUN   2  RUN   1 
  4  25   1   475  1    52  3    20  1    78  4.5  6   8  -  2.3  6  18  -  4.5  6   8  -  9.0  6   6  -
   STR  WAR  475 WAR  786 WAR  412 WAR  328  4 RUN   2  RUN   4  RUN   2  RUN   1 
  4  25   1   475  1    52  3    20  1    78  4.5  7  10  -  2.3  6  18  -  4.5  6   8  -  9.0  6   6  -
   STR  WAR  475 WAR  786 WAR  412 WAR  328  4 RUN   2  RUN   4  RUN   2  RUN   1 
  4  25   1   475  1    52  3    20  1    78  4.5  7  10  -  2.3  7  22  -  4.5  6   8  -  9.0  6   6  -
   STR  WAR  475 WAR  786 WAR  412 WAR  328  4 RUN   2  RUN   4  RUN   2  RUN   1 
  4  25   1   475  1    52  3    20  1    78  4.5  7  10  -  2.3  7  22  -  4.5  7  10  -  9.0  6   6  -
   STR  WAR  475 WAR  786 WAR  412 WAR  328  4 RUN   2  RUN   4  RUN   2  RUN   1 
  4  25   1   475  1    52  3    20  1    78  4.5  7  10  -  2.3  7  22  -  4.5  7  10  -  9.0  7   7  -
   STR  WAR  475 WAR  786 WAR  412 WAR  328  4 RUN   2  RUN   4  RUN   2  RUN   1 
  4  25   1   475  1    52  3    20  1    78  4.5  8  12  -  2.3  7  22  -  4.5  7  10  -  9.0  7   7  -
   STR  WAR  475 WAR  786 WAR  412 WAR  328  4 RUN   2  RUN   4  RUN   2  RUN   1 
  4  25   1   475  1    52  3    20  1    78  4.5  8  12  -  2.3  8  24  -  4.5  7  10  -  9.0  7   7  -
   STR  WAR  475 WAR  786 WAR  412 WAR  328  4 RUN   2  RUN   4  RUN   2  RUN   1 
  4  25   1   475  1    52  3    20  1    78  4.5  8  12  -  2.3  8  24  -  4.5  8  11  -  9.0  7   7  -
   STR  WAR  475 WAR  786 WAR  412 WAR  328  4 RUN   2  RUN   4  RUN   2  RUN   1 
  4  25   1   475  1    52  3    20  1    78  4.5  8  12  -  2.3  8  24  -  4.5  8  11  -  9.0  8   8  -
   STR  WAR  475 WAR  786 WAR  412 WAR  328  4 RUN   2  RUN   4  RUN   2  RUN   1 
  4  25   1   475  1    52  3    20  1    78  4.5  9  14  -  2.3  8  24  -  4.5  8  11  -  9.0  8   8  -
   STR  WAR  475 WAR  786 WAR  412 WAR  328  4 RUN   2  RUN   4  RUN   2  RUN   1 
  4  25   1   475  1    52  3    20  1    78  4.5  9  14  -  2.3  9  26  -  4.5  8  11  -  9.0  8   8  -
   STR  WAR  475 WAR  786 WAR  412 WAR  328  4 RUN   2  RUN   4  RUN   2  RUN   1 
  4  25   1   475  1    52  3    20  1    78  4.5  9  14  -  2.3  9  26  -  4.5  9  12  -  9.0  8   8  -
   STR  WAR  475 WAR  786 WAR  412 WAR  328  4 RUN   2  RUN   4  RUN   2  RUN   1 
  4  25   1   475  1    52  3    20  1    78  4.5  9  14  -  2.3  9  26  -  4.5  9  12  -  9.0  9   9  -
   STR  WAR  475 WAR  786 WAR  412 WAR  328  4 RUN   2  RUN   4  RUN   2  RUN   1 
  4  25   1   475  1    52  3    20  1    78  4.5 10  15  -  2.3  9  26  -  4.5  9  12  -  9.0  9   9  -
   STR  WAR  475 WAR  786 WAR  412 WAR  328  4 RUN   2  AFL   4  RUN   2  RUN   1 
  4  25   1   475  1    52  3    20  1    78  4.5 10  15  -  2.3  9  26  -  4.5  9  12  -  9.0  9   9  -
   STR  WAR  475 WAR  786 WAR  412 WAR  328  4 RUN   2  AFL   4  RUN   2  RUN   1 
  4  25   1   475  1    52  3    20  1    78  4.5 10  15  -  2.3  9  26  -  4.5 10  14  -  9.0  9   9  -
   STR  WAR  475 WAR  786 WAR  412 WAR  328  4 RUN   2  ATS   4  RUN   2  RUN   1 
  4  25   1   475  1    52  3    20  1    78  4.5 10  15  -  2.3  9  26  -  4.5 10  14  -  9.0  9   9  -
   STR  WAR  475 WAR  786 WAR  412 WAR  328  4 RUN   2  ATS   4  RUN   2  RUN   1 
  4  25   1   475  1    52  3    20  1    78  4.5 10  15  -  2.3  9  26  -  4.5 10  14  -  9.0 10  10  -
   STR  WAR  475 WAR  786 WAR  412 WAR  328  4 RUN   2  ATS   4  RUN   2  RUN   1 
  4  25   1   475  1    52  3    20  1    78  4.5 11  17  -  2.3  9  26  -  4.5 10  14  -  9.0 10  10  -
   STR  WAR  475 WAR  786 WAR  412 WAR  328  4 RUN   2  ATS   4  RUN   2  RUN   1 
  4  25   1   475  1    52  3    20  1    78  4.5 11  17  -  2.3  9  26  -  4.5 11  15  -  9.0 10  10  -
   STR  WAR  475 WAR  786 WAR  412 WAR  328  4 RUN   2  ATS   4  RUN   2  RUN   1 
  4  25   1   475  1    52  3    20  1    78  4.5 11  17  -  2.3  9  26  -  4.5 11  15  -  9.0 11  11  -
   STR  WAR  475 WAR  786 WAR  412 WAR  328  4 RUN   2  ATS   4  RUN   2  RUN   1 
  4  25   1   475  1    52  3    20  1    78  4.5 12  18  -  2.3  9  26  -  4.5 11  15  -  9.0 11  11  -
   STR  WAR  475 WAR  786 WAR  412 WAR  328  4 RUN   2  ATS   4  RUN   2  RUN   1 
  4  25   1   475  1    52  3    20  1    78  4.5 12  18  -  2.3  9  26  -  4.5 12  17  -  9.0 11  11  -
   STR  WAR  475 WAR  786 WAR  412 WAR  328  4 RUN   2  ATS   4  RUN   2  RUN   1 
  4  25   1   475  1    52  3    20  1    78  4.5 12  18  -  2.3  9  26  -  4.5 12  17  -  9.0 12  12  -
   STR  WAR  475 WAR  786 WAR  412 WAR  328  4 RUN   2  ATS   4  RUN   2  RUN   1 
  4  25   1   475  1    52  3    20  1    78  4.5 13  19  -  2.3  9  26  -  4.5 12  17  -  9.0 12  12  -
   STR  WAR  475 WAR  786 WAR  412 WAR  328  4 RUN   2  ATS   4  RUN   2  RUN   1 
  4  25   1   475  1    52  3    20  1    78  4.5 13  19  -  2.3  9  26  -  4.5 13  19  -  9.0 12  12  -
   STR  WAR  475 WAR  786 WAR  412 WAR  328  4 RUN   2  ATS   4  RUN   2  RUN   1 
  4  25   1   475  1    52  3    20  1    78  4.5 13  19  -  2.3  9  26  -  4.5 13  19  -  9.0 13  13  -
   STR  WAR  475 WAR  786 WAR  412 WAR  328  4 RUN   2  ATS   4  RUN   2  RUN   1 
  4  25   1   475  1    52  3    20  1    78  4.5 14  20  -  2.3  9  26  -  4.5 13  19  -  9.0 13  13  -
   STR  WAR  475 WAR  786 WAR  412 WAR  328  4 RUN   2  ATS   4  RUN   2  RUN   1 
  4  25   1   475  1    52  3    20  1    78  4.5 14  20  -  2.3  9  26  -  4.5 14  20  -  9.0 13  13  -
   STR  WAR  475 WAR  786 WAR  412 WAR  328  4 RUN   2  ATS   4  RUN   2  RUN   1 
  4  25   1   475  1    52  3    20  1    78  4.5 14  20  -  2.3  9  26  -  4.5 14  20  -  9.0 14  14  -
   STR  WAR  475 WAR  786 WAR  412 WAR  328  4 RUN   2  ATS   4  RUN   2  RUN   1 
  4  25   1   475  1    52  3    20  1    78  4.5 15  22  -  2.3  9  26  -  4.5 14  20  -  9.0 14  14  -
   STR  WAR  475 WAR  786 WAR  412 WAR  328  4 RUN   2  ATS   4  RUN   2  RUN   1 
  4  25   1   475  1    52  3    20  1    78  4.5 15  22  -  2.3  9  26  -  4.5 15  22  -  9.0 14  14  -
   STR  WAR  475 WAR  786 WAR  412 WAR  328  4 RUN   2  ATS   4  RUN   2  RUN   1 
  4  25   1   475  1    52  3    20  1    78  4.5 15  22  -  2.3  9  26  -  4.5 15  22  -  9.0 15  15  -
   STR  WAR  475 WAR  786 WAR  412 WAR  328  4 RUN   2  ATS   4  RUN   2  RUN   1 
  4  25   1   475  1    52  3    20  1    78  4.5 16  23  -  2.3  9  26  -  4.5 15  22  -  9.0 15  15  -
   STR  WAR  475 WAR  786 WAR  412 WAR  328  4 RUN   2  ATS   4  RUN   2  RUN   1 
  4  25   1   475  1    52  3    20  1    78  4.5 16  23  -  2.3  9  26  -  4.5 16  23  -  9.0 15  15  -
   STR  WAR  475 WAR  786 WAR  412 WAR  328  4 RUN   2  ATS   4  RUN   2  RUN   1 
  4  25   1   475  1    52  3    20  1    78  4.5 16  23  -  2.3  9  26  -  4.5 16  23  -  9.0 16  16  -
   STR  WAR  475 WAR  786 WAR  412 WAR  328  4 RUN   2  ATS   4  RUN   2  RUN   1 
  4  25   1   475  1    52  3    20  1    78  4.5 17  24  -  2.3  9  26  -  4.5 16  23  -  9.0 16  16  -
   STR  WAR  475 WAR  786 WAR  412 WAR  328  4 RUN   2  ATS   4  RUN   2  RUN   1 
  4  25   1   475  1    52  3    20  1    78  4.5 17  24  -  2.3  9  26  -  4.5 17  25  -  9.0 16  16  -
   STR  WAR  475 WAR  786 WAR  412 WAR  328  4 RUN   2  ATS   4  RUN   2  RUN   1 
  4  25   1   475  1    52  3    20  1    78  4.5 17  24  -  2.3  9  26  -  4.5 17  25  -  9.0 17  17  -
   STR  WAR  475 WAR  786 WAR  412 WAR  328  4 RUN   2  ATS   4  RUN   2  RUN   1 
  4  25   1   475  1    52  3    20  1    78  4.5 18  26  -  2.3  9  26  -  4.5 17  25  -  9.0 17  17  -
   STR  WAR  475 WAR  786 WAR  412 WAR  328  4 RUN   2  ATS   4  AFL   2  RUN   1 
  4  25   1   475  1    52  3    20  1    78  4.5 18  26  -  2.3  9  26  -  4.5 17  25  -  9.0 17  17  -
   STR  WAR  475 WAR  786 WAR  412 WAR  328  4 RUN   2  ATS   4  AFL   2  RUN   1 
  4  25   1   475  1    52  3    20  1    78  4.5 18  26  -  2.3  9  26  -  4.5 17  25  -  9.0 18  18  -
   STR  WAR  475 WAR  786 WAR  412 WAR  328  4 RUN   2  ATS   4  ATS   2  RUN   1 
  4  25   1   475  1    52  3    20  1    78  4.5 18  26  -  2.3  9  26  -  4.5 17  25  -  9.0 18  18  -
   STR  WAR  475 WAR  786 WAR  412 WAR  328  4 AFL   2  ATS   4  ATS   2  RUN   1 
  4  25   1   475  1    52  3    20  1    78  4.5 18  26  -  2.3  9  26  -  4.5 17  25  -  9.0 18  18  -
   STR  WAR  475 WAR  786 WAR  412 WAR  328  4 ATS   2  ATS   4  ATS   2  RUN   1 
  4  25   1   475  1    52  3    20  1    78  4.5 18  26  -  2.3  9  26  -  4.5 17  25  -  9.0 18  18  -
   STR  WAR  475 WAR  786 WAR  412 WAR  328  4 ATS   2  ATS   4  ATS   2  RUN   1 
  4  25   1   475  1    52  3    20  1    78  4.5 18  26  -  2.3  9  26  -  4.5 17  25  -  9.0 19  19  -
   STR  WAR  475 WAR  786 WAR  412 WAR  328  4 ATS   2  ATS   4  ATS   2  RUN   1 
  4  25   1   475  1    52  3    20  1    78  4.5 18  26  -  2.3  9  26  -  4.5 17  25  -  9.0 20  20  -
   STR  WAR  475 WAR  786 WAR  412 WAR  328  4 ATS   2  ATS   4  ATS   2  RUN   1 
  4  25   1   475  1    52  3    20  1    78  4.5 18  26  -  2.3  9  26  -  4.5 17  25  -  9.0 21  21  -
   STR  WAR  475 WAR  786 WAR  412 WAR  328  4 ATS   2  ATS   4  ATS   2  RUN   1 
  4  25   1   475  1    52  3    20  1    78  4.5 18  26  -  2.3  9  26  -  4.5 17  25  -  9.0 22  22  -
   STR  WAR  475 WAR  786 WAR  412 WAR  328  4 ATS   2  ATS   4  ATS   2  RUN   1 
  4  25   1   475  1    52  3    20  1    78  4.5 18  26  -  2.3  9  26  -  4.5 17  25  -  9.0 23  23  -
   STR  WAR  475 WAR  786 WAR  412 WAR  328  4 ATS   2  ATS   4  ATS   2  RUN   1 
  4  25   1   475  1    52  3    20  1    78  4.5 18  26  -  2.3  9  26  -  4.5 17  25  -  9.0 24  24  -
   STR  WAR  475 WAR  786 WAR  412 WAR  328  4 ATS   2  ATS   4  ATS   2  RUN   1 
  4  25   1   475  1    52  3    20  1    78  4.5 18  26  -  2.3  9  26  -  4.5 17  25  -  9.0 25  25  -
   STR  WAR  475 WAR  786 WAR  412 WAR  328  4 ATS   2  ATS   4  ATS   2  AFL   1 
  4  25   1   475  1    52  3    20  1    78  4.5 18  26  -  2.3  9  26  -  4.5 17  25  -  9.0 25  25  -
   STR  WAR  475 WAR  786 WAR  412 WAR  328  4 ATS   2  ATS   4  ATS   2  AFL   1 
  4  25   1   475  1    52  3    20  1    78  4.5 18  26  3  2.3  9  26  1  4.5 17  25  2  9.0 25  25  4
   STR  WAR  475 WAR  786 WAR  412 WAR  328  4 ATS   2  ATS   4  ATS   2  ATS   1 
  4  25   1   475  1    52  3    20  1    78  4.5 18  26  3  2.3  9  26  1  4.5 17  25  2  9.0 25  25  4
    SA  WAR  475 WAR  786 WAR  412 WAR  328  4 ATS   2  ATS   4  ATS   2  ATS   1 
  4  25   1   475  1    52  3    20  1    78  4.5 18  26  3  2.3  9  26  1  4.5 17  25  2  9.0 25  25  4
    SA  WAR  475 WAR  786 WRS  412 WAR  328  4 ATS   2  ATS   4  ATS   2  ATS   1 
  4  25   1   475  1    52  3    20  1    78  4.5 18  26  3  2.3  9  26  1  4.5 17  25  2  9.0 25  25  4
    SA  CTG  475 WAR  786 WRS  412 WAR  328  4 ATS   2  ATS   4  ATS   2  ATS   1 
  4  25   1   475  1    52  3    20  1    78  4.5 18  26  3  2.3  9  26  1  4.5 17  25  2  9.0 25  25  4
    SA  CTG  475 WAR  786 WRS  412 CTG  328  4 ATS   2  ATS   4  ATS   2  ATS   1 
  4  25   1   475  1    52  3    20  1    78  4.5 18  26  3  2.3  9  26  1  4.5 17  25  2  9.0 25  25  4
    SA  CTG  475 CTG  786 WRS  412 CTG  328  4 ATS   2  ATS   4  ATS   2  ATS   1 
  4  25   1   475  1    52  3    20  1    78  4.5 18  26  3  2.3  9  26  1  4.5 17  25  2  9.0 25  25  4
    SA  WRS 1543 CTG  786 WRS  412 CTG  503  4 ATS   2  ATS   4  ATS   2  ATS   1 
  4  25   1   475  1    52  3    20  1    78  4.5 18  26  3  2.3  9  26  1  4.5 17  25  2  9.0 25  25  4
    SA  WRS 1543 CTG  903 WRS  412 WRS  503  4 ATS   2  ATS   4  ATS   2  ATS   1 
  4  25   1   475  1    52  3    20  1    78  4.5 18  26  3  2.3  9  26  1  4.5 17  25  2  9.0 25  25  4
    SA  WRS 1543 WRS  903 WRS  412 WRS  503  4 ATS   2  ATS   4  ATS   2  ATS   1 
  4  25   1   475  1    52  3    20  1    78  4.5 18  26  3  2.3  9  26  1  4.5 17  25  2  9.0 25  25  4
   ANR  WRS 1543 WRS  903 WRS  412 WRS  503  5 ATS   2  ATS   3  ATS   2  ATS   1 
  5  25   -  ----  -  ----  -  ----  -  ----  4.0 --  --  -  2.7 --  --  -  4.0 --  --  -  8.0 --  --  -
   ANR  WRS 1543 WRS  903 WRS  412 WRS  503  5 ATS   2  ATS   3  ATS   2  ATP   1 
  5  25   -  ----  -  ----  -  ----  -  ----  4.0 --  --  -  2.7 --  --  -  4.0 --  --  -  8.0 --  --  -
   ANR  WRS 1543 WRS  903 WRS  412 WRS  503  5 ATP   2  ATS   3  ATS   2  ATP   1 
  5  25   -  ----  -  ----  -  ----  -  ----  4.0 --  --  -  2.7 --  --  -  4.0 --  --  -  8.0 --  --  -
   ANR  WRS 1543 WRS  903 WRS  412 WRS  503  5 ATP   2  ATP   3  ATS   2  ATP   1 
  5  25   -  ----  -  ----  -  ----  -  ----  4.0 --  --  -  2.7 --  --  -  4.0 --  --  -  8.0 --  --  -
   ANR  WRS 1543 WRS  903 WRS  412 WRS  503  5 ATP   2  ATP   3  ATP   2  ATP   1 
  5  25   -  ----  -  ----  -  ----  -  ----  4.0 --  --  -  2.7 --  --  -  4.0 --  --  -  8.0 --  --  -
   ANR  ATH 1543 WRS  903 WRS  412 WRS  503  5 ATP   2  ATP   3  ATP   2  ATP   1 
  5  25   -  ----  -  ----  -  ----  -  ----  4.0 --  --  -  2.7 --  --  -  4.0 --  --  -  8.0 --  --  -
   ANR  ATH 1543 ATH  903 WRS  412 WRS  503  5 ATP   2  ATP   3  ATP   2  ATP   1 
  5  25   -  ----  -  ----  -  ----  -  ----  4.0 --  --  -  2.7 --  --  -  4.0 --  --  -  8.0 --  --  -
   ANR  ATH 1543 ATH  903 ATH  412 WRS  503  5 ATP   2  ATP   3  ATP   2  ATP   1 
  5  25   -  ----  -  ----  -  ----  -  ----  4.0 --  --  -  2.7 --  --  -  4.0 --  --  -  8.0 --  --  -
   ANR  ATH 1543 ATH  903 ATH  412 ATH  503  5 ATP   2  ATP   3  ATP   2  ATP   1 
  5  25   -  ----  -  ----  -  ----  -  ----  4.0 --  --  -  2.7 --  --  -  4.0 --  --  -  8.0 --  --  -
   WFB  ATH 1543 ATH  903 ATH  412 ATH  503  5 ATP   2  ATP   3  ATP   2  ATP   1 
  5  25   -  ----  -  ----  -  ----  -  ----  4.0 --  --  -  2.7 --  --  -  4.0 --  --  -  8.0 --  --  -
   WFB  ATH 1543 ATH  903 ATH  412 ATH  503  5 ASL   2  ATP   3  ATP   2  ATP   1 
  5  25   -  ----  -  ----  -  ----  -  ----  4.0  0   0  -  2.7 --  --  -  4.0 --  --  -  8.0 --  --  -
   WFB  ATH 1543 ATH  903 ATH  412 ATH  503  5 ASL   2  ASL   3  ATP   2  ATP   1 
  5  25   -  ----  -  ----  -  ----  -  ----  4.0  0   0  -  2.7  0   0  -  4.0 --  --  -  8.0 --  --  -
   WFB  ATH 1543 ATH  903 ATH  412 ATH  503  5 ASL   2  ASL   3  ASL   2  ATP   1 
  5  25   -  ----  -  ----  -  ----  -  ----  4.0  0   0  -  2.7  0   0  -  4.0  0   0  -  8.0 --  --  -
   WFB  ATH 1543 ATH  903 ATH  412 ATH  503  5 ASL   2  ASL   3  ASL   2  ASL   1 
  5  25   -  ----  -  ----  -  ----  -  ----  4.0  0   0  -  2.7  0   0  -  4.0  0   0  -  8.0  0   0  -
   WFB  PAB 1543 ATH  903 ATH  412 ATH  503  5 ASL   2  ASL   3  ASL   2  ASL   1 
  5  25   -  ----  -  ----  -  ----  -  ----  4.0  0   0  -  2.7  0   0  -  4.0  0   0  -  8.0  0   0  -
   WFB  PAB 1543 ATH  903 PAB  412 ATH  503  5 ASL   2  ASL   3  ASL   2  ASL   1 
  5  25   -  ----  -  ----  -  ----  -  ----  4.0  0   0  -  2.7  0   0  -  4.0  0   0  -  8.0  0   0  -
   WFB  PAB 1543 PAB  903 PAB  412 ATH  503  5 ASL   2  ASL   3  ASL   2  ASL   1 
  5  25   -  ----  -  ----  -  ----  -  ----  4.0  0   0  -  2.7  0   0  -  4.0  0   0  -  8.0  0   0  -
   WFB  PAB 1543 PAB  903 PAB  412 PAB  503  5 ASL   2  ASL   3  ASL   2  ASL   1 
  5  25   -  ----  -  ----  -  ----  -  ----  4.0  0   0  -  2.7  0   0  -  4.0  0   0  -  8.0  0   0  -
   WFB  PAB  772 PAB  903 PAB  412 PAB  503  5 ASL   2  ASL   3  ASL   2  ASL   1 
  5  25   1   771  -  ----  -  ----  -  ----  4.0  0   0  -  2.7  0   0  -  4.0  0   0  -  8.0  0   0  -
   WFB  PAB  772 PAB  903 PAB  404 PAB  503  5 ASL   2  ASL   3  ASL   2  ASL   1 
  5  25   1   771  -  ----  3     8  -  ----  4.0  0   0  -  2.7  0   0  -  4.0  0   0  -  8.0  0   0  -
   WFB  WAR  772 PAB  903 PAB  404 PAB  503  5 ASL   2  ASL   3  ASL   2  ASL   1 
  5  25   1   771  -  ----  3     8  -  ----  4.0  0   0  -  2.7  0   0  -  4.0  0   0  -  8.0  0   0  -
   WFB  WAR  772 PAB  881 PAB  404 PAB  503  5 ASL   2  ASL   3  ASL   2  ASL   1 
  5  25   1   771  1    22  3     8  -  ----  4.0  0   0  -  2.7  0   0  -  4.0  0   0  -  8.0  0   0  -
   WFB  WAR  772 PAB  881 WAR  404 PAB  503  5 ASL   2  ASL   3  ASL   2  ASL   1 
  5  25   1   771  1    22  3     8  -  ----  4.0  0   0  -  2.7  0   0  -  4.0  0   0  -  8.0  0   0  -
   WFB  WAR  772 PAB  881 WAR  404 PAB  458  5 ASL   2  ASL   3  ASL   2  ASL   1 
  5  25   1   771  1    22  3     8  0    45  4.0  0   0  -  2.7  0   0  -  4.0  0   0  -  8.0  0   0  -
   WFB  WAR  772 WAR  881 WAR  404 PAB  458  5 ASL   2  ASL   3  ASL   2  ASL   1 
  5  25   1   771  1    22  3     8  0    45  4.0  0   0  -  2.7  0   0  -  4.0  0   0  -  8.0  0   0  -
   WFB  WAR  772 WAR  881 WAR  404 WAR  458  5 ASL   2  ASL   3  ASL   2  ASL   1 
  5  25   1   771  1    22  3     8  0    45  4.0  0   0  -  2.7  0   0  -  4.0  0   0  -  8.0  0   0  -
   STR  WAR  772 WAR  881 WAR  404 WAR  458  5 ASL   2  ASL   3  ASL   2  ASL   1 
  5  25   1   771  1    22  3     8  0    45  4.0  0   0  -  2.7  0   0  -  4.0  0   0  -  8.0  0   0  -
   STR  WAR  772 WAR  881 WAR  404 WAR  458  5 RUN   2  ASL   3  ASL   2  ASL   1 
  5  25   1   771  1    22  3     8  0    45  4.0  1   1  -  2.7  0   0  -  4.0  0   0  -  8.0  0   0  -
   STR  WAR  772 WAR  881 WAR  404 WAR  458  5 RUN   2  RUN   3  ASL   2  ASL   1 
  5  25   1   771  1    22  3     8  0    45  4.0  1   1  -  2.7  1   2  -  4.0  0   0  -  8.0  0   0  -
   STR  WAR  772 WAR  881 WAR  404 WAR  458  5 RUN   2  RUN   3  RUN   2  ASL   1 
  5  25   1   771  1    22  3     8  0    45  4.0  1   1  -  2.7  1   2  -  4.0  1   2  -  8.0  0   0  -
   STR  WAR  772 WAR  881 WAR  404 WAR  458  5 RUN   2  RUN   3  RUN   2  RUN   1 
  5  25   1   771  1    22  3     8  0    45  4.0  1   1  -  2.7  1   2  -  4.0  1   2  -  8.0  1   1  -
   STR  WAR  772 WAR  881 WAR  404 WAR  458  5 RUN   2  RUN   3  RUN   2  RUN   1 
  5  25   1   771  1    22  3     8  0    45  4.0  2   2  -  2.7  1   2  -  4.0  1   2  -  8.0  1   1  -
   STR  WAR  772 WAR  881 WAR  404 WAR  458  5 RUN   2  RUN   3  RUN   2  RUN   1 
  5  25   1   771  1    22  3     8  0    45  4.0  2   2  -  2.7  2   4  -  4.0  1   2  -  8.0  1   1  -
   STR  WAR  772 WAR  881 WAR  404 WAR  458  5 RUN   2  RUN   3  RUN   2  RUN   1 
  5  25   1   771  1    22  3     8  0    45  4.0  2   2  -  2.7  2   4  -  4.0  2   4  -  8.0  1   1  -
   STR  WAR  772 WAR  881 WAR  404 WAR  458  5 RUN   2  RUN   3  RUN   2  RUN   1 
  5  25   1   771  1    22  3     8  0    45  4.0  2   2  -  2.7  2   4  -  4.0  2   4  -  8.0  2   2  -
   STR  WAR  772 WAR  881 WAR  404 WAR  458  5 RUN   2  RUN   3  RUN   2  RUN   1 
  5  25   1   771  1    22  3     8  0    45  4.0  3   3  -  2.7  2   4  -  4.0  2   4  -  8.0  2   2  -
   STR  WAR  772 WAR  881 WAR  404 WAR  458  5 RUN   2  RUN   3  RUN   2  RUN   1 
  5  25   1   771  1    22  3     8  0    45  4.0  3   3  -  2.7  3   7  -  4.0  2   4  -  8.0  2   2  -
   STR  WAR  772 WAR  881 WAR  404 WAR  458  5 RUN   2  RUN   3  RUN   2  RUN   1 
  5  25   1   771  1    22  3     8  0    45  4.0  3   3  -  2.7  3   7  -  4.0  3   6  -  8.0  2   2  -
   STR  WAR  772 WAR  881 WAR  404 WAR  458  5 RUN   2  RUN   3  RUN   2  RUN   1 
  5  25   1   771  1    22  3     8  0    45  4.0  3   3  -  2.7  3   7  -  4.0  3   6  -  8.0  3   3  -
   STR  WAR  772 WAR  881 WAR  404 WAR  458  5 RUN   2  RUN   3  RUN   2  RUN   1 
  5  25   1   771  1    22  3     8  0    45  4.0  4   4  -  2.7  3   7  -  4.0  3   6  -  8.0  3   3  -
   STR  WAR  772 WAR  881 WAR  404 WAR  458  5 RUN   2  RUN   3  RUN   2  RUN   1 
  5  25   1   771  1    22  3     8  0    45  4.0  4   4  -  2.7  4   8  -  4.0  3   6  -  8.0  3   3  -
   STR  WAR  772 WAR  881 WAR  404 WAR  458  5 RUN   2  RUN   3  RUN   2  RUN   1 
  5  25   1   771  1    22  3     8  0    45  4.0  4   4  -  2.7  4   8  -  4.0  4   7  -  8.0  3   3  -
   STR  WAR  772 WAR  881 WAR  404 WAR  458  5 RUN   2  RUN   3  RUN   2  RUN   1 
  5  25   1   771  1    22  3     8  0    45  4.0  4   4  -  2.7  4   8  -  4.0  4   7  -  8.0  4   4  -
   STR  WAR  772 WAR  881 WAR  404 WAR  458  5 RUN   2  RUN   3  RUN   2  RUN   1 
  5  25   1   771  1    22  3     8  0    45  4.0  5   6  -  2.7  4   8  -  4.0  4   7  -  8.0  4   4  -
   STR  WAR  772 WAR  881 WAR  404 WAR  458  5 RUN   2  RUN   3  RUN   2  RUN   1 
  5  25   1   771  1    22  3     8  0    45  4.0  5   6  -  2.7  5   9  -  4.0  4   7  -  8.0  4   4  -
   STR  WAR  772 WAR  881 WAR  404 WAR  458  5 RUN   2  RUN   3  RUN   2  RUN   1 
  5  25   1   771  1    22  3     8  0    45  4.0  5   6  -  2.7  5   9  -  4.0  5   8  -  8.0  4   4  -
   STR  WAR  772 WAR  881 WAR  404 WAR  458  5 RUN   2  RUN   3  RUN   2  RUN   1 
  5  25   1   771  1    22  3     8  0    45  4.0  5   6  -  2.7  5   9  -  4.0  5   8  -  8.0  5   5  -
   STR  WAR  772 WAR  881 WAR  404 WAR  458  5 RUN   2  RUN   3  RUN   2  RUN   1 
  5  25   1   771  1    22  3     8  0    45  4.0  6   7  -  2.7  5   9  -  4.0  5   8  -  8.0  5   5  -
   STR  WAR  772 WAR  881 WAR  404 WAR  458  5 RUN   2  RUN   3  RUN   2  RUN   1 
  5  25   1   771  1    22  3     8  0    45  4.0  6   7  -  2.7  6  11  -  4.0  5   8  -  8.0  5   5  -
   STR  WAR  772 WAR  881 WAR  404 WAR  458  5 RUN   2  RUN   3  RUN   2  RUN   1 
  5  25   1   771  1    22  3     8  0    45  4.0  6   7  -  2.7  6  11  -  4.0  6   9  -  8.0  5   5  -
   STR  WAR  772 WAR  881 WAR  404 WAR  458  5 RUN   2  RUN   3  RUN   2  RUN   1 
  5  25   1   771  1    22  3     8  0    45  4.0  6   7  -  2.7  6  11  -  4.0  6   9  -  8.0  6   6  -
   STR  WAR  772 WAR  881 WAR  404 WAR  458  5 RUN   2  RUN   3  RUN   2  RUN   1 
  5  25   1   771  1    22  3     8  0    45  4.0  7   8  -  2.7  6  11  -  4.0  6   9  -  8.0  6   6  -
   STR  WAR  772 WAR  881 WAR  404 WAR  458  5 RUN   2  RUN   3  RUN   2  RUN   1 
  5  25   1   771  1    22  3     8  0    45  4.0  7   8  -  2.7  7  14  -  4.0  6   9  -  8.0  6   6  -
   STR  WAR  772 WAR  881 WAR  404 WAR  458  5 RUN   2  RUN   3  RUN   2  RUN   1 
  5  25   1   771  1    22  3     8  0    45  4.0  7   8  -  2.7  7  14  -  4.0  7  11  -  8.0  6   6  -
   STR  WAR  772 WAR  881 WAR  404 WAR  458  5 RUN   2  RUN   3  RUN   2  RUN   1 
  5  25   1   771  1    22  3     8  0    45  4.0  7   8  -  2.7  7  14  -  4.0  7  11  -  8.0  7   7  -
   STR  WAR  772 WAR  881 WAR  404 WAR  458  5 RUN   2  RUN   3  RUN   2  RUN   1 
  5  25   1   771  1    22  3     8  0    45  4.0  8  10  -  2.7  7  14  -  4.0  7  11  -  8.0  7   7  -
   STR  WAR  772 WAR  881 WAR  404 WAR  458  5 RUN   2  RUN   3  RUN   2  RUN   1 
  5  25   1   771  1    22  3     8  0    45  4.0  8  10  -  2.7  8  15  -  4.0  7  11  -  8.0  7   7  -
   STR  WAR  772 WAR  881 WAR  404 WAR  458  5 RUN   2  RUN   3  RUN   2  RUN   1 
  5  25   1   771  1    22  3     8  0    45  4.0  8  10  -  2.7  8  15  -  4.0  8  13  -  8.0  7   7  -
   STR  WAR  772 WAR  881 WAR  404 WAR  458  5 RUN   2  RUN   3  RUN   2  RUN   1 
  5  25   1   771  1    22  3     8  0    45  4.0  8  10  -  2.7  8  15  -  4.0  8  13  -  8.0  8   8  -
   STR  WAR  772 WAR  881 WAR  404 WAR  458  5 RUN   2  RUN   3  RUN   2  RUN   1 
  5  25   1   771  1    22  3     8  0    45  4.0  9  11  -  2.7  8  15  -  4.0  8  13  -  8.0  8   8  -
   STR  WAR  772 WAR  881 WAR  404 WAR  458  5 RUN   2  RUN   3  RUN   2  RUN   1 
  5  25   1   771  1    22  3     8  0    45  4.0  9  11  -  2.7  9  16  -  4.0  8  13  -  8.0  8   8  -
   STR  WAR  772 WAR  881 WAR  404 WAR  458  5 RUN   2  RUN   3  RUN   2  RUN   1 
  5  25   1   771  1    22  3     8  0    45  4.0  9  11  -  2.7  9  16  -  4.0  9  14  -  8.0  8   8  -
   STR  WAR  772 WAR  881 WAR  404 WAR  458  5 RUN   2  RUN   3  RUN   2  RUN   1 
  5  25   1   771  1    22  3     8  0    45  4.0  9  11  -  2.7  9  16  -  4.0  9  14  -  8.0  9   9  -
   STR  WAR  772 WAR  881 WAR  404 WAR  458  5 RUN   2  RUN   3  RUN   2  RUN   1 
  5  25   1   771  1    22  3     8  0    45  4.0 10  13  -  2.7  9  16  -  4.0  9  14  -  8.0  9   9  -
   STR  WAR  772 WAR  881 WAR  404 WAR  458  5 RUN   2  RUN   3  RUN   2  RUN   1 
  5  25   1   771  1    22  3     8  0    45  4.0 10  13  -  2.7 10  19  -  4.0  9  14  -  8.0  9   9  -
   STR  WAR  772 WAR  881 WAR  404 WAR  458  5 RUN   2  RUN   3  RUN   2  RUN   1 
  5  25   1   771  1    22  3     8  0    45  4.0 10  13  -  2.7 10  19  -  4.0 10  15  -  8.0  9   9  -
   STR  WAR  772 WAR  881 WAR  404 WAR  458  5 RUN   2  RUN   3  RUN   2  RUN   1 
  5  25   1   771  1    22  3     8  0    45  4.0 10  13  -  2.7 10  19  -  4.0 10  15  -  8.0 10  10  -
   STR  WAR  772 WAR  881 WAR  404 WAR  458  5 RUN   2  RUN   3  RUN   2  RUN   1 
  5  25   1   771  1    22  3     8  0    45  4.0 11  14  -  2.7 10  19  -  4.0 10  15  -  8.0 10  10  -
   STR  WAR  772 WAR  881 WAR  404 WAR  458  5 RUN   2  RUN   3  RUN   2  RUN   1 
  5  25   1   771  1    22  3     8  0    45  4.0 11  14  -  2.7 11  21  -  4.0 10  15  -  8.0 10  10  -
   STR  WAR  772 WAR  881 WAR  404 WAR  458  5 RUN   2  RUN   3  RUN   2  RUN   1 
  5  25   1   771  1    22  3     8  0    45  4.0 11  14  -  2.7 11  21  -  4.0 11  17  -  8.0 10  10  -
   STR  WAR  772 WAR  881 WAR  404 WAR  458  5 RUN   2  RUN   3  RUN   2  RUN   1 
  5  25   1   771  1    22  3     8  0    45  4.0 11  14  -  2.7 11  21  -  4.0 11  17  -  8.0 11  11  -
   STR  WAR  772 WAR  881 WAR  404 WAR  458  5 RUN   2  RUN   3  RUN   2  RUN   1 
  5  25   1   771  1    22  3     8  0    45  4.0 12  15  -  2.7 11  21  -  4.0 11  17  -  8.0 11  11  -
   STR  WAR  772 WAR  881 WAR  404 WAR  458  5 RUN   2  RUN   3  RUN   2  RUN   1 
  5  25   1   771  1    22  3     8  0    45  4.0 12  15  -  2.7 12  22  -  4.0 11  17  -  8.0 11  11  -
   STR  WAR  772 WAR  881 WAR  404 WAR  458  5 RUN   2  RUN   3  RUN   2  RUN   1 
  5  25   1   771  1    22  3     8  0    45  4.0 12  15  -  2.7 12  22  -  4.0 12  18  -  8.0 11  11  -
   STR  WAR  772 WAR  881 WAR  404 WAR  458  5 RUN   2  RUN   3  RUN   2  RUN   1 
  5  25   1   771  1    22  3     8  0    45  4.0 12  15  -  2.7 12  22  -  4.0 12  18  -  8.0 12  12  -
   STR  WAR  772 WAR  881 WAR  404 WAR  458  5 RUN   2  RUN   3  RUN   2  RUN   1 
  5  25   1   771  1    22  3     8  0    45  4.0 13  16  -  2.7 12  22  -  4.0 12  18  -  8.0 12  12  -
   STR  WAR  772 WAR  881 WAR  404 WAR  458  5 RUN   2  RUN   3  RUN   2  RUN   1 
  5  25   1   771  1    22  3     8  0    45  4.0 13  16  -  2.7 13  24  -  4.0 12  18  -  8.0 12  12  -
   STR  WAR  772 WAR  881 WAR  404 WAR  458  5 RUN   2  RUN   3  RUN   2  RUN   1 
  5  25   1   771  1    22  3     8  0    45  4.0 13  16  -  2.7 13  24  -  4.0 13  20  -  8.0 12  12  -
   STR  WAR  772 WAR  881 WAR  404 WAR  458  5 RUN   2  RUN   3  RUN   2  RUN   1 
  5  25   1   771  1    22  3     8  0    45  4.0 13  16  -  2.7 13  24  -  4.0 13  20  -  8.0 13  13  -
   STR  WAR  772 WAR  881 WAR  404 WAR  458  5 RUN   2  RUN   3  RUN   2  RUN   1 
  5  25   1   771  1    22  3     8  0    45  4.0 14  17  -  2.7 13  24  -  4.0 13  20  -  8.0 13  13  -
   STR  WAR  772 WAR  881 WAR  404 WAR  458  5 RUN   2  RUN   3  RUN   2  RUN   1 
  5  25   1   771  1    22  3     8  0    45  4.0 14  17  -  2.7 14  26  -  4.0 13  20  -  8.0 13  13  -
   STR  WAR  772 WAR  881 WAR  404 WAR  458  5 RUN   2  RUN   3  RUN   2  RUN   1 
  5  25   1   771  1    22  3     8  0    45  4.0 14  17  -  2.7 14  26  -  4.0 14  22  -  8.0 13  13  -
   STR  WAR  772 WAR  881 WAR  404 WAR  458  5 RUN   2  RUN   3  RUN   2  RUN   1 
  5  25   1   771  1    22  3     8  0    45  4.0 14  17  -  2.7 14  26  -  4.0 14  22  -  8.0 14  14  -
   STR  WAR  772 WAR  881 WAR  404 WAR  458  5 RUN   2  RUN   3  RUN   2  RUN   1 
  5  25   1   771  1    22  3     8  0    45  4.0 15  18  -  2.7 14  26  -  4.0 14  22  -  8.0 14  14  -
   STR  WAR  772 WAR  881 WAR  404 WAR  458  5 RUN   2  AFL   3  RUN   2  RUN   1 
  5  25   1   771  1    22  3     8  0    45  4.0 15  18  -  2.7 14  26  -  4.0 14  22  -  8.0 14  14  -
   STR  WAR  772 WAR  881 WAR  404 WAR  458  5 RUN   2  AFL   3  RUN   2  RUN   1 
  5  25   1   771  1    22  3     8  0    45  4.0 15  18  -  2.7 14  26  -  4.0 15  24  -  8.0 14  14  -
   STR  WAR  772 WAR  881 WAR  404 WAR  458  5 RUN   2  ATS   3  RUN   2  RUN   1 
  5  25   1   771  1    22  3     8  0    45  4.0 15  18  -  2.7 14  26  -  4.0 15  24  -  8.0 14  14  -
   STR  WAR  772 WAR  881 WAR  404 WAR  458  5 RUN   2  ATS   3  RUN   2  RUN   1 
  5  25   1   771  1    22  3     8  0    45  4.0 15  18  -  2.7 14  26  -  4.0 15  24  -  8.0 15  15  -
   STR  WAR  772 WAR  881 WAR  404 WAR  458  5 RUN   2  ATS   3  RUN   2  RUN   1 
  5  25   1   771  1    22  3     8  0    45  4.0 16  20  -  2.7 14  26  -  4.0 15  24  -  8.0 15  15  -
   STR  WAR  772 WAR  881 WAR  404 WAR  458  5 RUN   2  ATS   3  RUN   2  RUN   1 
  5  25   1   771  1    22  3     8  0    45  4.0 16  20  -  2.7 14  26  -  4.0 16  25  -  8.0 15  15  -
   STR  WAR  772 WAR  881 WAR  404 WAR  458  5 RUN   2  ATS   3  RUN   2  RUN   1 
  5  25   1   771  1    22  3     8  0    45  4.0 16  20  -  2.7 14  26  -  4.0 16  25  -  8.0 16  16  -
   STR  WAR  772 WAR  881 WAR  404 WAR  458  5 RUN   2  ATS   3  RUN   2  RUN   1 
  5  25   1   771  1    22  3     8  0    45  4.0 17  21  -  2.7 14  26  -  4.0 16  25  -  8.0 16  16  -
   STR  WAR  772 WAR  881 WAR  404 WAR  458  5 RUN   2  ATS   3  AFL   2  RUN   1 
  5  25   1   771  1    22  3     8  0    45  4.0 17  21  -  2.7 14  26  -  4.0 16  25  -  8.0 16  16  -
   STR  WAR  772 WAR  881 WAR  404 WAR  458  5 RUN   2  ATS   3  AFL   2  RUN   1 
  5  25   1   771  1    22  3     8  0    45  4.0 17  21  -  2.7 14  26  -  4.0 16  25  -  8.0 17  17  -
   STR  WAR  772 WAR  881 WAR  404 WAR  458  5 RUN   2  ATS   3  ATS   2  RUN   1 
  5  25   1   771  1    22  3     8  0    45  4.0 17  21  -  2.7 14  26  -  4.0 16  25  -  8.0 17  17  -
   STR  WAR  772 WAR  881 WAR  404 WAR  458  5 RUN   2  ATS   3  ATS   2  RUN   1 
  5  25   1   771  1    22  3     8  0    45  4.0 18  22  -  2.7 14  26  -  4.0 16  25  -  8.0 17  17  -
   STR  WAR  772 WAR  881 WAR  404 WAR  458  5 RUN   2  ATS   3  ATS   2  RUN   1 
  5  25   1   771  1    22  3     8  0    45  4.0 18  22  -  2.7 14  26  -  4.0 16  25  -  8.0 18  18  -
   STR  WAR  772 WAR  881 WAR  404 WAR  458  5 RUN   2  ATS   3  ATS   2  RUN   1 
  5  25   1   771  1    22  3     8  0    45  4.0 19  24  -  2.7 14  26  -  4.0 16  25  -  8.0 18  18  -
   STR  WAR  772 WAR  881 WAR  404 WAR  458  5 RUN   2  ATS   3  ATS   2  RUN   1 
  5  25   1   771  1    22  3     8  0    45  4.0 19  24  -  2.7 14  26  -  4.0 16  25  -  8.0 19  19  -
   STR  WAR  772 WAR  881 WAR  404 WAR  458  5 RUN   2  ATS   3  ATS   2  RUN   1 
  5  25   1   771  1    22  3     8  0    45  4.0 20  25  -  2.7 14  26  -  4.0 16  25  -  8.0 19  19  -
   STR  WAR  772 WAR  881 WAR  404 WAR  458  5 RUN   2  ATS   3  ATS   2  RUN   1 
  5  25   1   771  1    22  3     8  0    45  4.0 20  25  -  2.7 14  26  -  4.0 16  25  -  8.0 20  20  -
   STR  WAR  772 WAR  881 WAR  404 WAR  458  5 AFL   2  ATS   3  ATS   2  RUN   1 
  5  25   1   771  1    22  3     8  0    45  4.0 20  25  -  2.7 14  26  -  4.0 16  25  -  8.0 20  20  -
   STR  WAR  772 WAR  881 WAR  404 WAR  458  5 AFL   2  ATS   3  ATS   2  RUN   1 
  5  25   1   771  1    22  3     8  0    45  4.0 20  25  -  2.7 14  26  -  4.0 16  25  -  8.0 21  21  -
   STR  WAR  772 WAR  881 WAR  404 WAR  458  5 ATS   2  ATS   3  ATS   2  RUN   1 
  5  25   1   771  1    22  3     8  0    45  4.0 20  25  -  2.7 14  26  -  4.0 16  25  -  8.0 21  21  -
   STR  WAR  772 WAR  881 WAR  404 WAR  458  5 ATS   2  ATS   3  ATS   2  RUN   1 
  5  25   1   771  1    22  3     8  0    45  4.0 20  25  -  2.7 14  26  -  4.0 16  25  -  8.0 22  22  -
   STR  WAR  772 WAR  881 WAR  404 WAR  458  5 ATS   2  ATS   3  ATS   2  RUN   1 
  5  25   1   771  1    22  3     8  0    45  4.0 20  25  -  2.7 14  26  -  4.0 16  25  -  8.0 23  23  -
   STR  WAR  772 WAR  881 WAR  404 WAR  458  5 ATS   2  ATS   3  ATS   2  RUN   1 
  5  25   1   771  1    22  3     8  0    45  4.0 20  25  -  2.7 14  26  -  4.0 16  25  -  8.0 24  24  -
   STR  WAR  772 WAR  881 WAR  404 WAR  458  5 ATS   2  ATS   3  ATS   2  RUN   1 
  5  25   1   771  1    22  3     8  0    45  4.0 20  25  -  2.7 14  26  -  4.0 16  25  -  8.0 25  25  -
   STR  WAR  772 WAR  881 WAR  404 WAR  458  5 ATS   2  ATS   3  ATS   2  AFL   1 
  5  25   1   771  1    22  3     8  0    45  4.0 20  25  -  2.7 14  26  -  4.0 16  25  -  8.0 25  25  -
   STR  WAR  772 WAR  881 WAR  404 WAR  458  5 ATS   2  ATS   3  ATS   2  AFL   1 
  5  25   1   771  1    22  3     8  0    45  4.0 20  25  3  2.7 14  26  1  4.0 16  25  2  8.0 25  25  4
   STR  WAR  772 WAR  881 WAR  404 WAR  458  5 ATS   2  ATS   3  ATS   2  ATS   1 
  5  25   1   771  1    22  3     8  0    45  4.0 20  25  3  2.7 14  26  1  4.0 16  25  2  8.0 25  25  4
   STR  WAR  772 CTG  881 WAR  404 WAR  458  5 ATS   2  ATS   3  ATS   2  ATS   1 
  5  25   1   771  1    22  3     8  0    45  4.0 20  25  3  2.7 14  26  1  4.0 16  25  2  8.0 25  25  4
   STR  WAR  772 CTG  881 WRS  404 WAR  458  5 ATS   2  ATS   3  ATS   2  ATS   1 
  5  25   1   771  1    22  3     8  0    45  4.0 20  25  3  2.7 14  26  1  4.0 16  25  2  8.0 25  25  4
   STR  CTG  772 CTG  881 WRS  404 WAR  458  5 ATS   2  ATS   3  ATS   2  ATS   1 
  5  25   1   771  1    22  3     8  0    45  4.0 20  25  3  2.7 14  26  1  4.0 16  25  2  8.0 25  25  4
   STR  CTG  772 CTG  881 WRS  404 WRS  458  5 ATS   2  ATS   3  ATS   2  ATS   1 
  5  25   1   771  1    22  3     8  0    45  4.0 20  25  3  2.7 14  26  1  4.0 16  25  2  8.0 25  25  4
    SA  CTG  772 CTG  881 WRS  404 WRS  458  5 ATS   2  ATS   3  ATS   2  ATS   1 
  5  25   1   771  1    22  3     8  0    45  4.0 20  25  3  2.7 14  26  1  4.0 16  25  2  8.0 25  25  4
    SA  CTG 2828 WRS  939 WRS  404 WRS  458  5 ATS   2  ATS   3  ATS   2  ATS   1 
  5  25   1   771  1    22  3     8  0    45  4.0 20  25  3  2.7 14  26  1  4.0 16  25  2  8.0 25  25  4
    SA  WRS 2828 WRS  939 WRS  404 WRS  458  5 ATS   2  ATS   3  ATS   2  ATS   1 
  5  25   1   771  1    22  3     8  0    45  4.0 20  25  3  2.7 14  26  1  4.0 16  25  2  8.0 25  25  4
   PHB  WRS 2828 WRS  939 WRS  404 WRS  458  5 ATS   2  ATS   3  ATS   2  ATS   1 
  5  25   1   771  1    22  3     8  0    45  4.0 20  25  3  2.7 14  26  1  4.0 16  25  2  8.0 25  25  4
   PHB  WRS 2828 CEL  939 WRS  404 WRS  458  5 ATS   2  ATS   3  ATS   2  ATS   1 
  5  25   1   771  -  ----  3     8  0    45  4.0 20  25  3  2.7 14  26  1  4.0 16  25  2  8.0 25  25  4
   PHB  WRS 2828 CEL  939 CEL  404 WRS  458  5 ATS   2  ATS   3  ATS   2  ATS   1 
  5  25   1   771  -  ----  -  ----  0    45  4.0 20  25  3  2.7 14  26  1  4.0 16  25  2  8.0 25  25  4
   PHB  CEL 2828 CEL  939 CEL  404 WRS  458  5 ATS   2  ATS   3  ATS   2  ATS   1 
  5  25   -  ----  -  ----  -  ----  0    45  4.0 20  25  3  2.7 14  26  1  4.0 16  25  2  8.0 25  25  4
   PHB  CEL 2828 CEL  939 CEL  404 CEL  458  5 ATS   2  ATS   3  ATS   2  ATS   1 
  5  25   -  ----  -  ----  -  ----  -  ---- ---- --  --  - ---- --  --  - ---- --  --  - ---- --  --  -
